2020-jul-10 13:31:48,Exception was thrown: No line found
java.util.NoSuchElementException: No line found
	at java.util.Scanner.nextLine(Scanner.java:1540)
	at se.moma.pryl.view.View.vyn(View.java:69)
	at se.moma.pryl.startup.Main.main(Main.java:16)
2020-jul-10 13:32:24,Exception was thrown: En pryl måste ha ett namn!
java.lang.IllegalArgumentException: En pryl måste ha ett namn!
	at se.moma.pryl.model.interfaces.Pryl.<init>(Pryl.java:35)
	at se.moma.pryl.model.Smycke.<init>(Smycke.java:46)
	at se.moma.pryl.model.factory.PrylFactory.getPryl(PrylFactory.java:27)
	at se.moma.pryl.controller.Controller.skapaPrylTillPerson(Controller.java:61)
	at se.moma.pryl.view.View.vyn(View.java:107)
	at se.moma.pryl.startup.Main.main(Main.java:16)
2020-jul-10 13:38:27,Exception was thrown: No line found
java.util.NoSuchElementException: No line found
	at java.util.Scanner.nextLine(Scanner.java:1540)
	at se.moma.pryl.view.View.vyn(View.java:69)
	at se.moma.pryl.startup.Main.main(Main.java:16)
2020-jul-10 13:38:27,Exception was thrown: No line found
java.util.NoSuchElementException: No line found
	at java.util.Scanner.nextLine(Scanner.java:1540)
	at se.moma.pryl.view.View.vyn(View.java:69)
	at se.moma.pryl.startup.Main.main(Main.java:16)
2020-jul-10 13:38:27,Exception was thrown: No line found
java.util.NoSuchElementException: No line found
	at java.util.Scanner.nextLine(Scanner.java:1540)
	at se.moma.pryl.view.View.vyn(View.java:69)
	at se.moma.pryl.startup.Main.main(Main.java:16)
2020-jul-10 13:38:27,Exception was thrown: No line found
java.util.NoSuchElementException: No line found
	at java.util.Scanner.nextLine(Scanner.java:1540)
	at se.moma.pryl.view.View.vyn(View.java:69)
	at se.moma.pryl.startup.Main.main(Main.java:16)
2020-jul-10 13:38:27,Exception was thrown: No line found
java.util.NoSuchElementException: No line found
	at java.util.Scanner.nextLine(Scanner.java:1540)
	at se.moma.pryl.view.View.vyn(View.java:69)
	at se.moma.pryl.startup.Main.main(Main.java:16)
2020-jul-10 13:38:27,Exception was thrown: No line found
java.util.NoSuchElementException: No line found
	at java.util.Scanner.nextLine(Scanner.java:1540)
	at se.moma.pryl.view.View.vyn(View.java:69)
	at se.moma.pryl.startup.Main.main(Main.java:16)
2020-jul-10 13:38:27,Exception was thrown: No line found
java.util.NoSuchElementException: No line found
	at java.util.Scanner.nextLine(Scanner.java:1540)
	at se.moma.pryl.view.View.vyn(View.java:69)
	at se.moma.pryl.startup.Main.main(Main.java:16)
2020-jul-10 13:38:27,Exception was thrown: No line found
java.util.NoSuchElementException: No line found
	at java.util.Scanner.nextLine(Scanner.java:1540)
	at se.moma.pryl.view.View.vyn(View.java:69)
	at se.moma.pryl.startup.Main.main(Main.java:16)
2020-jul-10 13:38:27,Exception was thrown: No line found
java.util.NoSuchElementException: No line found
	at java.util.Scanner.nextLine(Scanner.java:1540)
	at se.moma.pryl.view.View.vyn(View.java:69)
	at se.moma.pryl.startup.Main.main(Main.java:16)
2020-jul-10 13:38:27,Exception was thrown: No line found
java.util.NoSuchElementException: No line found
	at java.util.Scanner.nextLine(Scanner.java:1540)
	at se.moma.pryl.view.View.vyn(View.java:69)
	at se.moma.pryl.startup.Main.main(Main.java:16)
2020-jul-10 13:38:27,Exception was thrown: No line found
java.util.NoSuchElementException: No line found
	at java.util.Scanner.nextLine(Scanner.java:1540)
	at se.moma.pryl.view.View.vyn(View.java:69)
	at se.moma.pryl.startup.Main.main(Main.java:16)
2020-jul-10 13:38:27,Exception was thrown: No line found
java.util.NoSuchElementException: No line found
	at java.util.Scanner.nextLine(Scanner.java:1540)
	at se.moma.pryl.view.View.vyn(View.java:69)
	at se.moma.pryl.startup.Main.main(Main.java:16)
2020-jul-10 13:38:27,Exception was thrown: No line found
java.util.NoSuchElementException: No line found
	at java.util.Scanner.nextLine(Scanner.java:1540)
	at se.moma.pryl.view.View.vyn(View.java:69)
	at se.moma.pryl.startup.Main.main(Main.java:16)
2020-jul-10 13:38:27,Exception was thrown: No line found
java.util.NoSuchElementException: No line found
	at java.util.Scanner.nextLine(Scanner.java:1540)
	at se.moma.pryl.view.View.vyn(View.java:69)
	at se.moma.pryl.startup.Main.main(Main.java:16)
2020-jul-10 13:38:46,Exception was thrown: Det finns ingen med det namnet registrerat!
java.lang.IllegalArgumentException: Det finns ingen med det namnet registrerat!
	at se.moma.pryl.view.View.vyn(View.java:88)
	at se.moma.pryl.startup.Main.main(Main.java:16)
2020-jul-10 13:41:34,Exception was thrown: No line found
java.util.NoSuchElementException: No line found
	at java.util.Scanner.nextLine(Scanner.java:1540)
	at se.moma.pryl.view.View.vyn(View.java:69)
	at se.moma.pryl.startup.Main.main(Main.java:16)
2020-jul-10 13:41:34,Exception was thrown: No line found
java.util.NoSuchElementException: No line found
	at java.util.Scanner.nextLine(Scanner.java:1540)
	at se.moma.pryl.view.View.vyn(View.java:69)
	at se.moma.pryl.startup.Main.main(Main.java:16)
2020-jul-10 13:41:34,Exception was thrown: No line found
java.util.NoSuchElementException: No line found
	at java.util.Scanner.nextLine(Scanner.java:1540)
	at se.moma.pryl.view.View.vyn(View.java:69)
	at se.moma.pryl.startup.Main.main(Main.java:16)
2020-jul-10 13:41:34,Exception was thrown: No line found
java.util.NoSuchElementException: No line found
	at java.util.Scanner.nextLine(Scanner.java:1540)
	at se.moma.pryl.view.View.vyn(View.java:69)
	at se.moma.pryl.startup.Main.main(Main.java:16)
2020-jul-10 13:41:34,Exception was thrown: No line found
java.util.NoSuchElementException: No line found
	at java.util.Scanner.nextLine(Scanner.java:1540)
	at se.moma.pryl.view.View.vyn(View.java:69)
	at se.moma.pryl.startup.Main.main(Main.java:16)
2020-jul-10 13:48:16,Exception was thrown: Det finns ingen med det namnet registrerat!
java.lang.IllegalArgumentException: Det finns ingen med det namnet registrerat!
	at se.moma.pryl.view.View.vyn(View.java:89)
	at se.moma.pryl.startup.Main.main(Main.java:16)
2020-jul-10 13:55:52,Exception was thrown: No line found
java.util.NoSuchElementException: No line found
	at java.util.Scanner.nextLine(Scanner.java:1540)
	at se.moma.pryl.view.View.vyn(View.java:70)
	at se.moma.pryl.startup.Main.main(Main.java:16)
2020-jul-10 13:55:52,Exception was thrown: No line found
java.util.NoSuchElementException: No line found
	at java.util.Scanner.nextLine(Scanner.java:1540)
	at se.moma.pryl.view.View.vyn(View.java:70)
	at se.moma.pryl.startup.Main.main(Main.java:16)
2020-jul-10 13:55:52,Exception was thrown: No line found
java.util.NoSuchElementException: No line found
	at java.util.Scanner.nextLine(Scanner.java:1540)
	at se.moma.pryl.view.View.vyn(View.java:70)
	at se.moma.pryl.startup.Main.main(Main.java:16)
2020-jul-10 13:55:52,Exception was thrown: No line found
java.util.NoSuchElementException: No line found
	at java.util.Scanner.nextLine(Scanner.java:1540)
	at se.moma.pryl.view.View.vyn(View.java:70)
	at se.moma.pryl.startup.Main.main(Main.java:16)
2020-jul-10 13:55:52,Exception was thrown: No line found
java.util.NoSuchElementException: No line found
	at java.util.Scanner.nextLine(Scanner.java:1540)
	at se.moma.pryl.view.View.vyn(View.java:70)
	at se.moma.pryl.startup.Main.main(Main.java:16)
2020-jul-10 13:56:28,Exception was thrown: En pryl måste ha ett namn!
java.lang.IllegalArgumentException: En pryl måste ha ett namn!
	at se.moma.pryl.model.interfaces.Pryl.<init>(Pryl.java:35)
	at se.moma.pryl.model.Smycke.<init>(Smycke.java:46)
	at se.moma.pryl.model.factory.PrylFactory.getPryl(PrylFactory.java:27)
	at se.moma.pryl.controller.Controller.skapaPrylTillPerson(Controller.java:61)
	at se.moma.pryl.view.View.vyn(View.java:108)
	at se.moma.pryl.startup.Main.main(Main.java:16)
2020-jul-10 13:58:49,Exception was thrown: For input string: "tre"
java.lang.NumberFormatException: For input string: "tre"
	at java.lang.NumberFormatException.forInputString(NumberFormatException.java:65)
	at java.lang.Integer.parseInt(Integer.java:580)
	at java.lang.Integer.parseInt(Integer.java:615)
	at se.moma.pryl.model.factory.PrylFactory.getPryl(PrylFactory.java:27)
	at se.moma.pryl.controller.Controller.skapaPrylTillPerson(Controller.java:61)
	at se.moma.pryl.view.View.vyn(View.java:108)
	at se.moma.pryl.startup.Main.main(Main.java:16)
2020-jul-10 14:01:01,Exception was thrown: No line found
java.util.NoSuchElementException: No line found
	at java.util.Scanner.nextLine(Scanner.java:1540)
	at se.moma.pryl.view.View.vyn(View.java:70)
	at se.moma.pryl.startup.Main.main(Main.java:16)
2020-jul-10 14:01:01,Exception was thrown: No line found
java.util.NoSuchElementException: No line found
	at java.util.Scanner.nextLine(Scanner.java:1540)
	at se.moma.pryl.view.View.vyn(View.java:70)
	at se.moma.pryl.startup.Main.main(Main.java:16)
2020-jul-10 14:01:01,Exception was thrown: No line found
java.util.NoSuchElementException: No line found
	at java.util.Scanner.nextLine(Scanner.java:1540)
	at se.moma.pryl.view.View.vyn(View.java:70)
	at se.moma.pryl.startup.Main.main(Main.java:16)
2020-jul-10 14:01:01,Exception was thrown: No line found
java.util.NoSuchElementException: No line found
	at java.util.Scanner.nextLine(Scanner.java:1540)
	at se.moma.pryl.view.View.vyn(View.java:70)
	at se.moma.pryl.startup.Main.main(Main.java:16)
2020-jul-10 14:01:01,Exception was thrown: No line found
java.util.NoSuchElementException: No line found
	at java.util.Scanner.nextLine(Scanner.java:1540)
	at se.moma.pryl.view.View.vyn(View.java:70)
	at se.moma.pryl.startup.Main.main(Main.java:16)
2020-jul-10 14:01:01,Exception was thrown: No line found
java.util.NoSuchElementException: No line found
	at java.util.Scanner.nextLine(Scanner.java:1540)
	at se.moma.pryl.view.View.vyn(View.java:70)
	at se.moma.pryl.startup.Main.main(Main.java:16)
2020-jul-10 14:01:01,Exception was thrown: No line found
java.util.NoSuchElementException: No line found
	at java.util.Scanner.nextLine(Scanner.java:1540)
	at se.moma.pryl.view.View.vyn(View.java:70)
	at se.moma.pryl.startup.Main.main(Main.java:16)
2020-jul-10 14:01:01,Exception was thrown: No line found
java.util.NoSuchElementException: No line found
	at java.util.Scanner.nextLine(Scanner.java:1540)
	at se.moma.pryl.view.View.vyn(View.java:70)
	at se.moma.pryl.startup.Main.main(Main.java:16)
2020-jul-10 14:01:01,Exception was thrown: No line found
java.util.NoSuchElementException: No line found
	at java.util.Scanner.nextLine(Scanner.java:1540)
	at se.moma.pryl.view.View.vyn(View.java:70)
	at se.moma.pryl.startup.Main.main(Main.java:16)
2020-jul-10 14:01:01,Exception was thrown: No line found
java.util.NoSuchElementException: No line found
	at java.util.Scanner.nextLine(Scanner.java:1540)
	at se.moma.pryl.view.View.vyn(View.java:70)
	at se.moma.pryl.startup.Main.main(Main.java:16)
2020-jul-10 14:01:01,Exception was thrown: No line found
java.util.NoSuchElementException: No line found
	at java.util.Scanner.nextLine(Scanner.java:1540)
	at se.moma.pryl.view.View.vyn(View.java:70)
	at se.moma.pryl.startup.Main.main(Main.java:16)
2020-jul-10 14:01:29,Exception was thrown: For input string: "tre"
java.lang.NumberFormatException: For input string: "tre"
	at java.lang.NumberFormatException.forInputString(NumberFormatException.java:65)
	at java.lang.Integer.parseInt(Integer.java:580)
	at java.lang.Integer.parseInt(Integer.java:615)
	at se.moma.pryl.model.factory.PrylFactory.getPryl(PrylFactory.java:27)
	at se.moma.pryl.controller.Controller.skapaPrylTillPerson(Controller.java:61)
	at se.moma.pryl.view.View.vyn(View.java:108)
	at se.moma.pryl.startup.Main.main(Main.java:16)
2020-jul-10 14:06:13,Exception was thrown: No line found
java.util.NoSuchElementException: No line found
	at java.util.Scanner.nextLine(Scanner.java:1540)
	at se.moma.pryl.view.View.vyn(View.java:70)
	at se.moma.pryl.startup.Main.main(Main.java:16)
2020-jul-10 14:06:13,Exception was thrown: No line found
java.util.NoSuchElementException: No line found
	at java.util.Scanner.nextLine(Scanner.java:1540)
	at se.moma.pryl.view.View.vyn(View.java:70)
	at se.moma.pryl.startup.Main.main(Main.java:16)
2020-jul-10 14:06:13,Exception was thrown: No line found
java.util.NoSuchElementException: No line found
	at java.util.Scanner.nextLine(Scanner.java:1540)
	at se.moma.pryl.view.View.vyn(View.java:70)
	at se.moma.pryl.startup.Main.main(Main.java:16)
2020-jul-10 14:06:13,Exception was thrown: No line found
java.util.NoSuchElementException: No line found
	at java.util.Scanner.nextLine(Scanner.java:1540)
	at se.moma.pryl.view.View.vyn(View.java:70)
	at se.moma.pryl.startup.Main.main(Main.java:16)
2020-jul-10 14:06:20,Exception was thrown: For input string: "Pelle"
java.lang.NumberFormatException: For input string: "Pelle"
	at java.lang.NumberFormatException.forInputString(NumberFormatException.java:65)
	at java.lang.Integer.parseInt(Integer.java:580)
	at java.lang.Integer.parseInt(Integer.java:615)
	at se.moma.pryl.view.View.vyn(View.java:70)
	at se.moma.pryl.startup.Main.main(Main.java:16)
2020-jul-10 14:08:05,Exception was thrown: No line found
java.util.NoSuchElementException: No line found
	at java.util.Scanner.nextLine(Scanner.java:1540)
	at se.moma.pryl.view.View.vyn(View.java:70)
	at se.moma.pryl.startup.Main.main(Main.java:16)
2020-jul-10 14:08:05,Exception was thrown: No line found
java.util.NoSuchElementException: No line found
	at java.util.Scanner.nextLine(Scanner.java:1540)
	at se.moma.pryl.view.View.vyn(View.java:70)
	at se.moma.pryl.startup.Main.main(Main.java:16)
2020-jul-10 14:08:05,Exception was thrown: No line found
2020-jul-10 14:08:11,Exception was thrown: For input string: ""
java.lang.NumberFormatException: For input string: ""
	at java.lang.NumberFormatException.forInputString(NumberFormatException.java:65)
	at java.lang.Integer.parseInt(Integer.java:592)
	at java.lang.Integer.parseInt(Integer.java:615)
	at se.moma.pryl.view.View.vyn(View.java:70)
	at se.moma.pryl.startup.Main.main(Main.java:16)
2020-jul-10 14:08:22,Exception was thrown: No line found
java.util.NoSuchElementException: No line found
	at java.util.Scanner.nextLine(Scanner.java:1540)
	at se.moma.pryl.view.View.vyn(View.java:70)
	at se.moma.pryl.startup.Main.main(Main.java:16)
2020-jul-10 14:08:22,Exception was thrown: No line found
java.util.NoSuchElementException: No line found
	at java.util.Scanner.nextLine(Scanner.java:1540)
	at se.moma.pryl.view.View.vyn(View.java:70)
	at se.moma.pryl.startup.Main.main(Main.java:16)
2020-jul-10 14:08:22,Exception was thrown: No line found
java.util.NoSuchElementException: No line found
	at java.util.Scanner.nextLine(Scanner.java:1540)
	at se.moma.pryl.view.View.vyn(View.java:70)
	at se.moma.pryl.startup.Main.main(Main.java:16)
2020-jul-10 14:08:22,Exception was thrown: No line found
java.util.NoSuchElementException: No line found
	at java.util.Scanner.nextLine(Scanner.java:1540)
	at se.moma.pryl.view.View.vyn(View.java:70)
	at se.moma.pryl.startup.Main.main(Main.java:16)
2020-jul-10 14:08:22,Exception was thrown: No line found
java.util.NoSuchElementException: No line found
	at java.util.Scanner.nextLine(Scanner.java:1540)
	at se.moma.pryl.view.View.vyn(View.java:70)
	at se.moma.pryl.startup.Main.main(Main.java:16)
2020-jul-10 14:08:22,Exception was thrown: No line found
java.util.NoSuchElementException: No line found
	at java.util.Scanner.nextLine(Scanner.java:1540)
	at se.moma.pryl.view.View.vyn(View.java:70)
	at se.moma.pryl.startup.Main.main(Main.java:16)
2020-jul-10 14:08:22,Exception was thrown: No line found
java.util.NoSuchElementException: No line found
	at java.util.Scanner.nextLine(Scanner.java:1540)
	at se.moma.pryl.view.View.vyn(View.java:70)
	at se.moma.pryl.startup.Main.main(Main.java:16)
2020-jul-10 14:08:22,Exception was thrown: No line found
java.util.NoSuchElementException: No line found
	at java.util.Scanner.nextLine(Scanner.java:1540)
	at se.moma.pryl.view.View.vyn(View.java:70)
	at se.moma.pryl.startup.Main.main(Main.java:16)
2020-jul-10 14:08:22,Exception was thrown: No line found
java.util.NoSuchElementException: No line found
	at java.util.Scanner.nextLine(Scanner.java:1540)
	at se.moma.pryl.view.View.vyn(View.java:70)
	at se.moma.pryl.startup.Main.main(Main.java:16)
2020-jul-10 14:08:22,Exception was thrown: No line found
java.util.NoSuchElementException: No line found
	at java.util.Scanner.nextLine(Scanner.java:1540)
	at se.moma.pryl.view.View.vyn(View.java:70)
	at se.moma.pryl.startup.Main.main(Main.java:16)
2020-jul-10 14:08:22,Exception was thrown: No line found
java.util.NoSuchElementException: No line found
	at java.util.Scanner.nextLine(Scanner.java:1540)
	at se.moma.pryl.view.View.vyn(View.java:70)
	at se.moma.pryl.startup.Main.main(Main.java:16)
2020-jul-10 14:08:22,Exception was thrown: No line found
java.util.NoSuchElementException: No line found
	at java.util.Scanner.nextLine(Scanner.java:1540)
	at se.moma.pryl.view.View.vyn(View.java:70)
	at se.moma.pryl.startup.Main.main(Main.java:16)
2020-jul-10 14:08:22,Exception was thrown: No line found
java.util.NoSuchElementException: No line found
	at java.util.Scanner.nextLine(Scanner.java:1540)
	at se.moma.pryl.view.View.vyn(View.java:70)
	at se.moma.pryl.startup.Main.main(Main.java:16)
2020-jul-10 14:08:22,Exception was thrown: No line found
java.util.NoSuchElementException: No line found
	at java.util.Scanner.nextLine(Scanner.java:1540)
	at se.moma.pryl.view.View.vyn(View.java:70)
	at se.moma.pryl.startup.Main.main(Main.java:16)
2020-jul-10 14:08:22,Exception was thrown: No line found
java.util.NoSuchElementException: No line found
	at java.util.Scanner.nextLine(Scanner.java:1540)
	at se.moma.pryl.view.View.vyn(View.java:70)
	at se.moma.pryl.startup.Main.main(Main.java:16)
2020-jul-10 14:08:22,Exception was thrown: No line found
java.util.NoSuchElementException: No line found
	at java.util.Scanner.nextLine(Scanner.java:1540)
	at se.moma.pryl.view.View.vyn(View.java:70)
	at se.moma.pryl.startup.Main.main(Main.java:16)
2020-jul-10 14:15:30,Exception was thrown: For input string: ""
java.lang.NumberFormatException: For input string: ""
	at java.lang.NumberFormatException.forInputString(NumberFormatException.java:65)
	at java.lang.Integer.parseInt(Integer.java:592)
	at java.lang.Integer.parseInt(Integer.java:615)
	at se.moma.pryl.view.View.vyn(View.java:70)
	at se.moma.pryl.startup.Main.main(Main.java:16)
2020-jul-10 14:16:21,Exception was thrown: No line found
java.util.NoSuchElementException: No line found
	at java.util.Scanner.nextLine(Scanner.java:1540)
	at se.moma.pryl.view.View.vyn(View.java:70)
	at se.moma.pryl.startup.Main.main(Main.java:16)
2020-jul-10 14:16:21,Exception was thrown: No line found
java.util.NoSuchElementException: No line found
	at java.util.Scanner.nextLine(Scanner.java:1540)
	at se.moma.pryl.view.View.vyn(View.java:70)
	at se.moma.pryl.startup.Main.main(Main.java:16)
2020-jul-10 14:16:21,Exception was thrown: No line found
java.util.NoSuchElementException: No line found
	at java.util.Scanner.nextLine(Scanner.java:1540)
	at se.moma.pryl.view.View.vyn(View.java:70)
	at se.moma.pryl.startup.Main.main(Main.java:16)
2020-jul-10 18:26:57,Exception was thrown: For input string: "Pelle"
java.lang.NumberFormatException: For input string: "Pelle"
	at java.lang.NumberFormatException.forInputString(NumberFormatException.java:65)
	at java.lang.Integer.parseInt(Integer.java:580)
	at java.lang.Integer.parseInt(Integer.java:615)
	at se.moma.pryl.view.View.vyn(View.java:70)
	at se.moma.pryl.startup.Main.main(Main.java:16)
2020-jul-10 18:27:24,Exception was thrown: Måste skriva namn på person!
java.lang.IllegalArgumentException: Måste skriva namn på person!
	at se.moma.pryl.integration.PersonSamling.isPersonRegistrerad(PersonSamling.java:50)
	at se.moma.pryl.controller.Controller.isPersonRegistrerad(Controller.java:119)
	at se.moma.pryl.controller.Controller.registreraNyPerson(Controller.java:47)
	at se.moma.pryl.view.View.vyn(View.java:78)
	at se.moma.pryl.startup.Main.main(Main.java:16)
2020-jul-10 18:27:51,Exception was thrown: Det finns ingen med det namnet registrerat!
java.lang.IllegalArgumentException: Det finns ingen med det namnet registrerat!
	at se.moma.pryl.view.View.vyn(View.java:90)
	at se.moma.pryl.startup.Main.main(Main.java:16)
2020-jul-10 18:31:06,Exception was thrown: No line found
java.util.NoSuchElementException: No line found
	at java.util.Scanner.nextLine(Scanner.java:1540)
	at se.moma.pryl.view.View.vyn(View.java:70)
	at se.moma.pryl.startup.Main.main(Main.java:16)
2020-jul-10 18:31:06,Exception was thrown: No line found
2020-jul-10 18:31:17,Exception was thrown: For input string: "Pelle"
java.lang.NumberFormatException: For input string: "Pelle"
	at java.lang.NumberFormatException.forInputString(NumberFormatException.java:65)
	at java.lang.Integer.parseInt(Integer.java:580)
	at java.lang.Integer.parseInt(Integer.java:615)
	at se.moma.pryl.view.View.vyn(View.java:70)
	at se.moma.pryl.startup.Main.main(Main.java:16)
2020-jul-10 18:32:49,Exception was thrown: No line found
java.util.NoSuchElementException: No line found
	at java.util.Scanner.nextLine(Scanner.java:1540)
	at se.moma.pryl.view.View.vyn(View.java:70)
	at se.moma.pryl.startup.Main.main(Main.java:16)
2020-jul-10 18:32:49,Exception was thrown: No line found
java.util.NoSuchElementException: No line found
	at java.util.Scanner.nextLine(Scanner.java:1540)
	at se.moma.pryl.view.View.vyn(View.java:70)
	at se.moma.pryl.startup.Main.main(Main.java:16)
2020-jul-10 18:32:56,Exception was thrown: For input string: "Pelle"
java.lang.NumberFormatException: For input string: "Pelle"
	at java.lang.NumberFormatException.forInputString(NumberFormatException.java:65)
	at java.lang.Integer.parseInt(Integer.java:580)
	at java.lang.Integer.parseInt(Integer.java:615)
	at se.moma.pryl.view.View.vyn(View.java:70)
	at se.moma.pryl.startup.Main.main(Main.java:16)
2020-jul-10 18:33:51,Exception was thrown: No line found
java.util.NoSuchElementException: No line found
	at java.util.Scanner.nextLine(Scanner.java:1540)
	at se.moma.pryl.view.View.vyn(View.java:70)
	at se.moma.pryl.startup.Main.main(Main.java:16)
2020-jul-10 18:33:51,Exception was thrown: No line found
java.util.NoSuchElementException: No line found
	at java.util.Scanner.nextLine(Scanner.java:1540)
	at se.moma.pryl.view.View.vyn(View.java:70)
	at se.moma.pryl.startup.Main.main(Main.java:16)
2020-jul-10 18:33:51,Exception was thrown: No line found
java.util.NoSuchElementException: No line found
	at java.util.Scanner.nextLine(Scanner.java:1540)
	at se.moma.pryl.view.View.vyn(View.java:70)
	at se.moma.pryl.startup.Main.main(Main.java:16)
2020-jul-10 18:33:51,Exception was thrown: No line found
java.util.NoSuchElementException: No line found
	at java.util.Scanner.nextLine(Scanner.java:1540)
	at se.moma.pryl.view.View.vyn(View.java:70)
	at se.moma.pryl.startup.Main.main(Main.java:16)
2020-jul-10 18:33:51,Exception was thrown: No line found
java.util.NoSuchElementException: No line found
	at java.util.Scanner.nextLine(Scanner.java:1540)
	at se.moma.pryl.view.View.vyn(View.java:70)
	at se.moma.pryl.startup.Main.main(Main.java:16)
2020-jul-10 18:33:51,Exception was thrown: No line found
java.util.NoSuchElementException: No line found
	at java.util.Scanner.nextLine(Scanner.java:1540)
	at se.moma.pryl.view.View.vyn(View.java:70)
	at se.moma.pryl.startup.Main.main(Main.java:16)
2020-jul-10 18:33:51,Exception was thrown: No line found
java.util.NoSuchElementException: No line found
	at java.util.Scanner.nextLine(Scanner.java:1540)
2020-jul-10 18:34:37,Exception was thrown: No line found
java.util.NoSuchElementException: No line found
2020-jul-10 18:35:06,Exception was thrown: En pryl måste ha ett namn!
java.lang.IllegalArgumentException: En pryl måste ha ett namn!
	at se.moma.pryl.model.interfaces.Pryl.<init>(Pryl.java:35)
	at se.moma.pryl.model.Smycke.<init>(Smycke.java:46)
	at se.moma.pryl.model.factory.PrylFactory.getPryl(PrylFactory.java:27)
	at se.moma.pryl.controller.Controller.skapaPrylTillPerson(Controller.java:61)
	at se.moma.pryl.view.View.vyn(View.java:109)
	at se.moma.pryl.startup.Main.main(Main.java:16)
2020-jul-10 18:36:24,Exception was thrown: No line found
java.util.NoSuchElementException: No line found
	at java.util.Scanner.nextLine(Scanner.java:1540)
	at se.moma.pryl.view.View.vyn(View.java:70)
	at se.moma.pryl.startup.Main.main(Main.java:16)
2020-jul-10 18:36:24,Exception was thrown: No line found
java.util.NoSuchElementException: No line found
	at java.util.Scanner.nextLine(Scanner.java:1540)
	at se.moma.pryl.view.View.vyn(View.java:70)
	at se.moma.pryl.startup.Main.main(Main.java:16)
2020-jul-10 18:36:24,Exception was thrown: No line found
java.util.NoSuchElementException: No line found
	at java.util.Scanner.nextLine(Scanner.java:1540)
	at se.moma.pryl.view.View.vyn(View.java:70)
	at se.moma.pryl.startup.Main.main(Main.java:16)
2020-jul-10 18:36:24,Exception was thrown: No line found
java.util.NoSuchElementException: No line found
	at java.util.Scanner.nextLine(Scanner.java:1540)
	at se.moma.pryl.view.View.vyn(View.java:70)
	at se.moma.pryl.startup.Main.main(Main.java:16)
2020-jul-10 18:36:24,Exception was thrown: No line found
java.util.NoSuchElementException: No line found
	at java.util.Scanner.nextLine(Scanner.java:1540)
	at se.moma.pryl.view.View.vyn(View.java:70)
	at se.moma.pryl.startup.Main.main(Main.java:16)
2020-jul-10 18:36:24,Exception was thrown: No line found
java.util.NoSuchElementException: No line found
	at java.util.Scanner.nextLine(Scanner.java:1540)
	at se.moma.pryl.view.View.vyn(View.java:70)
	at se.moma.pryl.startup.Main.main(Main.java:16)
2020-jul-10 18:36:24,Exception was thrown: No line found
java.util.NoSuchElementException: No line found
	at java.util.Scanner.nextLine(Scanner.java:1540)
	at se.moma.pryl.view.View.vyn(View.java:70)
	at se.moma.pryl.startup.Main.main(Main.java:16)
2020-jul-10 18:36:24,Exception was thrown: No line found
java.util.NoSuchElementException: No line found
	at java.util.Scanner.nextLine(Scanner.java:1540)
	at se.moma.pryl.view.View.vyn(View.java:70)
	at se.moma.pryl.startup.Main.main(Main.java:16)
2020-jul-10 18:36:24,Exception was thrown: No line found
java.util.NoSuchElementException: No line found
	at java.util.Scanner.nextLine(Scanner.java:1540)
	at se.moma.pryl.view.View.vyn(View.java:70)
	at se.moma.pryl.startup.Main.main(Main.java:16)
2020-jul-10 18:36:24,Exception was thrown: No line found
java.util.NoSuchElementException: No line found
	at java.util.Scanner.nextLine(Scanner.java:1540)
	at se.moma.pryl.view.View.vyn(View.java:70)
	at se.moma.pryl.startup.Main.main(Main.java:16)
2020-jul-10 18:36:24,Exception was thrown: No line found
java.util.NoSuchElementException: No line found
	at java.util.Scanner.nextLine(Scanner.java:1540)
	at se.moma.pryl.view.View.vyn(View.java:70)
	at se.moma.pryl.startup.Main.main(Main.java:16)
2020-jul-10 18:36:24,Exception was thrown: No line found
java.util.NoSuchElementException: No line found
	at java.util.Scanner.nextLine(Scanner.java:1540)
	at se.moma.pryl.view.View.vyn(View.java:70)
	at se.moma.pryl.startup.Main.main(Main.java:16)
2020-jul-10 18:36:24,Exception was thrown: No line found
java.util.NoSuchElementException: No line found
	at java.util.Scanner.nextLine(Scanner.java:1540)
	at se.moma.pryl.view.View.vyn(View.java:70)
	at se.moma.pryl.startup.Main.main(Main.java:16)
2020-jul-10 18:36:24,Exception was thrown: No line found
java.util.NoSuchElementException: No line found
	at java.util.Scanner.nextLine(Scanner.java:1540)
	at se.moma.pryl.view.View.vyn(View.java:70)
	at se.moma.pryl.startup.Main.main(Main.java:16)
2020-jul-10 18:37:41,Exception was thrown: No line found
java.util.NoSuchElementException: No line found
	at java.util.Scanner.nextLine(Scanner.java:1540)
	at se.moma.pryl.view.View.vyn(View.java:70)
	at se.moma.pryl.startup.Main.main(Main.java:16)
2020-jul-10 18:37:41,Exception was thrown: No line found
java.util.NoSuchElementException: No line found
	at java.util.Scanner.nextLine(Scanner.java:1540)
	at se.moma.pryl.view.View.vyn(View.java:70)
2020-jul-10 18:38:12,Exception was thrown: No line found
java.util.NoSuchElementException: No line found
	at java.util.Scanner.nextLine(Scanner.java:1540)
	at se.moma.pryl.view.View.vyn(View.java:70)
	at se.moma.pryl.startup.Main.main(Main.java:16)
2020-jul-10 18:38:12,Exception was thrown: No line found
java.util.NoSuchElementException: No line found
	at java.util.Scanner.nextLine(Scanner.java:1540)
	at se.moma.pryl.view.View.vyn(View.java:70)
	at se.moma.pryl.startup.Main.main(Main.java:16)
2020-jul-10 18:38:12,Exception was thrown: No line found
java.util.NoSuchElementException: No line found
	at java.util.Scanner.nextLine(Scanner.java:1540)
	at se.moma.pryl.view.View.vyn(View.java:70)
	at se.moma.pryl.startup.Main.main(Main.java:16)
2020-jul-10 18:38:12,Exception was thrown: No line found
java.util.NoSuchElementException: No line found
	at java.util.Scanner.nextLine(Scanner.java:1540)
	at se.moma.pryl.view.View.vyn(View.java:70)
	at se.moma.pryl.startup.Main.main(Main.java:16)
2020-jul-10 18:38:12,Exception was thrown: No line found
java.util.NoSuchElementException: No line found
	at java.util.Scanner.nextLine(Scanner.java:1540)
	at se.moma.pryl.view.View.vyn(View.java:70)
	at se.moma.pryl.startup.Main.main(Main.java:16)
2020-jul-10 18:38:12,Exception was thrown: No line found
java.util.NoSuchElementException: No line found
	at java.util.Scanner.nextLine(Scanner.java:1540)
	at se.moma.pryl.view.View.vyn(View.java:70)
	at se.moma.pryl.startup.Main.main(Main.java:16)
2020-jul-10 18:38:12,Exception was thrown: No line found
java.util.NoSuchElementException: No line found
	at java.util.Scanner.nextLine(Scanner.java:1540)
	at se.moma.pryl.view.View.vyn(View.java:70)
	at se.moma.pryl.startup.Main.main(Main.java:16)
2020-jul-10 18:38:12,Exception was thrown: No line found
java.util.NoSuchElementException: No line found
	at java.util.Scanner.nextLine(Scanner.java:1540)
	at se.moma.pryl.view.View.vyn(View.java:70)
	at se.moma.pryl.startup.Main.main(Main.java:16)
2020-jul-10 18:38:12,Exception was thrown: No line found
java.util.NoSuchElementException: No line found
	at java.util.Scanner.nextLine(Scanner.java:1540)
	at se.moma.pryl.view.View.vyn(View.java:70)
	at se.moma.pryl.startup.Main.main(Main.java:16)
2020-jul-10 18:38:12,Exception was thrown: No line found
java.util.NoSuchElementException: No line found
	at java.util.Scanner.nextLine(Scanner.java:1540)
	at se.moma.pryl.view.View.vyn(View.java:70)
	at se.moma.pryl.startup.Main.main(Main.java:16)
2020-jul-10 18:38:12,Exception was thrown: No line found
java.util.NoSuchElementException: No line found
	at java.util.Scanner.nextLine(Scanner.java:1540)
	at se.moma.pryl.view.View.vyn(View.java:70)
	at se.moma.pryl.startup.Main.main(Main.java:16)
2020-jul-10 18:38:12,Exception was thrown: No line found
java.util.NoSuchElementException: No line found
	at java.util.Scanner.nextLine(Scanner.java:1540)
	at se.moma.pryl.view.View.vyn(View.java:70)
	at se.moma.pryl.startup.Main.main(Main.java:16)
2020-jul-10 18:38:12,Exception was thrown: No line found
java.util.NoSuchElementException: No line found
	at java.util.Scanner.nextLine(Scanner.java:1540)
	at se.moma.pryl.view.View.vyn(View.java:70)
	at se.moma.pryl.startup.Main.main(Main.java:16)
2020-jul-10 18:38:12,Exception was thrown: No line found
java.util.NoSuchElementException: No line found
	at java.util.Scanner.nextLine(Scanner.java:1540)
	at se.moma.pryl.view.View.vyn(View.java:70)
	at se.moma.pryl.startup.Main.main(Main.java:16)
2020-jul-10 18:38:12,Exception was thrown: No line found
java.util.NoSuchElementException: No line found
	at java.util.Scanner.nextLine(Scanner.java:1540)
	at se.moma.pryl.view.View.vyn(View.java:70)
	at se.moma.pryl.startup.Main.main(Main.java:16)
2020-jul-10 18:38:12,Exception was thrown: No line found
java.util.NoSuchElementException: No line found
	at java.util.Scanner.nextLine(Scanner.java:1540)
	at se.moma.pryl.view.View.vyn(View.java:70)
	at se.moma.pryl.startup.Main.main(Main.java:16)
2020-jul-10 18:38:12,Exception was thrown: No line found
java.util.NoSuchElementException: No line found
	at java.util.Scanner.nextLine(Scanner.java:1540)
	at se.moma.pryl.view.View.vyn(View.java:70)
	at se.moma.pryl.startup.Main.main(Main.java:16)
2020-jul-10 18:38:12,Exception was thrown: No line found
java.util.NoSuchElementException: No line found
	at java.util.Scanner.nextLine(Scanner.java:1540)
	at se.moma.pryl.view.View.vyn(View.java:70)
	at se.moma.pryl.startup.Main.main(Main.java:16)
2020-jul-10 18:38:12,Exception was thrown: No line found
java.util.NoSuchElementException: No line found
	at java.util.Scanner.nextLine(Scanner.java:1540)
	at se.moma.pryl.view.View.vyn(View.java:70)
	at se.moma.pryl.startup.Main.main(Main.java:16)
2020-jul-10 18:38:12,Exception was thrown: No line found
java.util.NoSuchElementException: No line found
	at java.util.Scanner.nextLine(Scanner.java:1540)
	at se.moma.pryl.view.View.vyn(View.java:70)
	at se.moma.pryl.startup.Main.main(Main.java:16)
2020-jul-10 18:38:12,Exception was thrown: No line found
2020-jul-10 18:51:52,Exception was thrown: Uncompilable source code - exception java.lang.NumberFormatException has already been caught
java.lang.RuntimeException: Uncompilable source code - exception java.lang.NumberFormatException has already been caught
	at se.moma.pryl.view.View.vyn(View.java:83)
	at se.moma.pryl.startup.Main.main(Main.java:16)
2020-jul-10 18:53:37,Exception was thrown: No line found
2020-jul-10 18:53:43,Exception was thrown: For input string: ""
java.lang.NumberFormatException: For input string: ""
	at java.lang.NumberFormatException.forInputString(NumberFormatException.java:65)
	at java.lang.Integer.parseInt(Integer.java:592)
	at java.lang.Integer.parseInt(Integer.java:615)
	at se.moma.pryl.view.View.vyn(View.java:70)
	at se.moma.pryl.startup.Main.main(Main.java:16)
2020-jul-10 18:54:07,Exception was thrown: For input string: "rew"
java.lang.NumberFormatException: For input string: "rew"
	at java.lang.NumberFormatException.forInputString(NumberFormatException.java:65)
	at java.lang.Integer.parseInt(Integer.java:580)
	at java.lang.Integer.parseInt(Integer.java:615)
	at se.moma.pryl.model.factory.PrylFactory.getPryl(PrylFactory.java:28)
	at se.moma.pryl.controller.Controller.skapaPrylTillPerson(Controller.java:61)
	at se.moma.pryl.view.View.vyn(View.java:109)
	at se.moma.pryl.startup.Main.main(Main.java:16)
2020-jul-10 18:55:00,Exception was thrown: No line found
java.util.NoSuchElementException: No line found
	at java.util.Scanner.nextLine(Scanner.java:1540)
	at se.moma.pryl.view.View.vyn(View.java:70)
	at se.moma.pryl.startup.Main.main(Main.java:16)
2020-jul-10 18:55:00,Exception was thrown: No line found
java.util.NoSuchElementException: No line found
	at java.util.Scanner.nextLine(Scanner.java:1540)
	at se.moma.pryl.view.View.vyn(View.java:70)
	at se.moma.pryl.startup.Main.main(Main.java:16)
2020-jul-10 18:55:00,Exception was thrown: No line found
java.util.NoSuchElementException: No line found
	at java.util.Scanner.nextLine(Scanner.java:1540)
	at se.moma.pryl.view.View.vyn(View.java:70)
	at se.moma.pryl.startup.Main.main(Main.java:16)
2020-jul-10 18:55:00,Exception was thrown: No line found
java.util.NoSuchElementException: No line found
	at java.util.Scanner.nextLine(Scanner.java:1540)
	at se.moma.pryl.view.View.vyn(View.java:70)
	at se.moma.pryl.startup.Main.main(Main.java:16)
2020-jul-10 18:55:00,Exception was thrown: No line found
java.util.NoSuchElementException: No line found
	at java.util.Scanner.nextLine(Scanner.java:1540)
	at se.moma.pryl.view.View.vyn(View.java:70)
	at se.moma.pryl.startup.Main.main(Main.java:16)
2020-jul-10 18:55:00,Exception was thrown: No line found
java.util.NoSuchElementException: No line found
	at java.util.Scanner.nextLine(Scanner.java:1540)
	at se.moma.pryl.view.View.vyn(View.java:70)
	at se.moma.pryl.startup.Main.main(Main.java:16)
2020-jul-10 18:55:00,Exception was thrown: No line found
java.util.NoSuchElementException: No line found
	at java.util.Scanner.nextLine(Scanner.java:1540)
	at se.moma.pryl.view.View.vyn(View.java:70)
	at se.moma.pryl.startup.Main.main(Main.java:16)
2020-jul-10 18:55:00,Exception was thrown: No line found
java.util.NoSuchElementException: No line found
	at java.util.Scanner.nextLine(Scanner.java:1540)
	at se.moma.pryl.view.View.vyn(View.java:70)
	at se.moma.pryl.startup.Main.main(Main.java:16)
2020-jul-10 18:55:00,Exception was thrown: No line found
java.util.NoSuchElementException: No line found
	at java.util.Scanner.nextLine(Scanner.java:1540)
	at se.moma.pryl.view.View.vyn(View.java:70)
	at se.moma.pryl.startup.Main.main(Main.java:16)
2020-jul-10 18:55:00,Exception was thrown: No line found
java.util.NoSuchElementException: No line found
	at java.util.Scanner.nextLine(Scanner.java:1540)
	at se.moma.pryl.view.View.vyn(View.java:70)
	at se.moma.pryl.startup.Main.main(Main.java:16)
2020-jul-10 18:55:00,Exception was thrown: No line found
java.util.NoSuchElementException: No line found
	at java.util.Scanner.nextLine(Scanner.java:1540)
	at se.moma.pryl.view.View.vyn(View.java:70)
	at se.moma.pryl.startup.Main.main(Main.java:16)
2020-jul-10 18:55:00,Exception was thrown: No line found
java.util.NoSuchElementException: No line found
	at java.util.Scanner.nextLine(Scanner.java:1540)
	at se.moma.pryl.view.View.vyn(View.java:70)
	at se.moma.pryl.startup.Main.main(Main.java:16)
2020-jul-10 18:55:00,Exception was thrown: No line found
java.util.NoSuchElementException: No line found
	at java.util.Scanner.nextLine(Scanner.java:1540)
	at se.moma.pryl.view.View.vyn(View.java:70)
	at se.moma.pryl.startup.Main.main(Main.java:16)
2020-jul-10 18:55:00,Exception was thrown: No line found
java.util.NoSuchElementException: No line found
	at java.util.Scanner.nextLine(Scanner.java:1540)
	at se.moma.pryl.view.View.vyn(View.java:70)
	at se.moma.pryl.startup.Main.main(Main.java:16)
2020-jul-10 18:55:20,Exception was thrown: For input string: "rew"
java.lang.NumberFormatException: For input string: "rew"
	at java.lang.NumberFormatException.forInputString(NumberFormatException.java:65)
	at java.lang.Integer.parseInt(Integer.java:580)
	at java.lang.Integer.parseInt(Integer.java:615)
	at se.moma.pryl.model.factory.PrylFactory.getPryl(PrylFactory.java:28)
	at se.moma.pryl.controller.Controller.skapaPrylTillPerson(Controller.java:61)
	at se.moma.pryl.view.View.vyn(View.java:109)
	at se.moma.pryl.startup.Main.main(Main.java:16)
2020-jul-10 18:55:38,Exception was thrown: No line found
java.util.NoSuchElementException: No line found
	at java.util.Scanner.nextLine(Scanner.java:1540)
	at se.moma.pryl.view.View.vyn(View.java:70)
	at se.moma.pryl.startup.Main.main(Main.java:16)
2020-jul-10 18:55:38,Exception was thrown: No line found
java.util.NoSuchElementException: No line found
	at java.util.Scanner.nextLine(Scanner.java:1540)
	at se.moma.pryl.view.View.vyn(View.java:70)
	at se.moma.pryl.startup.Main.main(Main.java:16)
2020-jul-10 18:55:38,Exception was thrown: No line found
java.util.NoSuchElementException: No line found
	at java.util.Scanner.nextLine(Scanner.java:1540)
	at se.moma.pryl.view.View.vyn(View.java:70)
	at se.moma.pryl.startup.Main.main(Main.java:16)
2020-jul-10 18:55:38,Exception was thrown: No line found
java.util.NoSuchElementException: No line found
	at java.util.Scanner.nextLine(Scanner.java:1540)
	at se.moma.pryl.view.View.vyn(View.java:70)
	at se.moma.pryl.startup.Main.main(Main.java:16)
2020-jul-10 18:55:38,Exception was thrown: No line found
java.util.NoSuchElementException: No line found
	at java.util.Scanner.nextLine(Scanner.java:1540)
	at se.moma.pryl.view.View.vyn(View.java:70)
	at se.moma.pryl.startup.Main.main(Main.java:16)
2020-jul-10 18:55:38,Exception was thrown: No line found
java.util.NoSuchElementException: No line found
	at java.util.Scanner.nextLine(Scanner.java:1540)
	at se.moma.pryl.view.View.vyn(View.java:70)
	at se.moma.pryl.startup.Main.main(Main.java:16)
2020-jul-10 18:55:38,Exception was thrown: No line found
java.util.NoSuchElementException: No line found
	at java.util.Scanner.nextLine(Scanner.java:1540)
	at se.moma.pryl.view.View.vyn(View.java:70)
	at se.moma.pryl.startup.Main.main(Main.java:16)
2020-jul-10 18:55:38,Exception was thrown: No line found
java.util.NoSuchElementException: No line found
	at java.util.Scanner.nextLine(Scanner.java:1540)
	at se.moma.pryl.view.View.vyn(View.java:70)
	at se.moma.pryl.startup.Main.main(Main.java:16)
2020-jul-10 18:55:38,Exception was thrown: No line found
java.util.NoSuchElementException: No line found
	at java.util.Scanner.nextLine(Scanner.java:1540)
	at se.moma.pryl.view.View.vyn(View.java:70)
	at se.moma.pryl.startup.Main.main(Main.java:16)
2020-jul-10 18:55:38,Exception was thrown: No line found
java.util.NoSuchElementException: No line found
	at java.util.Scanner.nextLine(Scanner.java:1540)
	at se.moma.pryl.view.View.vyn(View.java:70)
	at se.moma.pryl.startup.Main.main(Main.java:16)
2020-jul-10 18:55:38,Exception was thrown: No line found
java.util.NoSuchElementException: No line found
	at java.util.Scanner.nextLine(Scanner.java:1540)
	at se.moma.pryl.view.View.vyn(View.java:70)
	at se.moma.pryl.startup.Main.main(Main.java:16)
2020-jul-10 18:55:38,Exception was thrown: No line found
java.util.NoSuchElementException: No line found
	at java.util.Scanner.nextLine(Scanner.java:1540)
	at se.moma.pryl.view.View.vyn(View.java:70)
	at se.moma.pryl.startup.Main.main(Main.java:16)
2020-jul-10 18:57:44,Exception was thrown: No line found
java.util.NoSuchElementException: No line found
2020-jul-10 19:08:50,Exception was thrown:  du måste välja pryl..smycke, aktie eller apparat
java.lang.IllegalArgumentException:  du måste välja pryl..smycke, aktie eller apparat
	at se.moma.pryl.view.View.vyn(View.java:144)
	at se.moma.pryl.startup.Main.main(Main.java:16)
2020-jul-10 19:21:56,Exception was thrown: For input string: ""
java.lang.NumberFormatException: For input string: ""
	at java.lang.NumberFormatException.forInputString(NumberFormatException.java:65)
	at java.lang.Integer.parseInt(Integer.java:592)
	at java.lang.Integer.parseInt(Integer.java:615)
	at se.moma.pryl.view.View.vyn(View.java:66)
	at se.moma.pryl.startup.Main.main(Main.java:16)
2020-jul-10 19:22:06,Exception was thrown:  du måste välja pryl..smycke, aktie eller apparat
java.lang.IllegalArgumentException:  du måste välja pryl..smycke, aktie eller apparat
	at se.moma.pryl.view.View.vyn(View.java:140)
	at se.moma.pryl.startup.Main.main(Main.java:16)
2020-jul-10 19:22:28,Exception was thrown: For input string: "tio"
java.lang.NumberFormatException: For input string: "tio"
	at java.lang.NumberFormatException.forInputString(NumberFormatException.java:65)
	at java.lang.Integer.parseInt(Integer.java:580)
	at java.lang.Integer.parseInt(Integer.java:615)
	at se.moma.pryl.model.factory.PrylFactory.getPryl(PrylFactory.java:41)
	at se.moma.pryl.controller.Controller.skapaPrylTillPerson(Controller.java:61)
	at se.moma.pryl.view.View.vyn(View.java:139)
	at se.moma.pryl.startup.Main.main(Main.java:16)
2020-jul-13 16:56:24,Exception was thrown: personsamling.ser (Filen eller katalogen finns inte)
java.io.FileNotFoundException: personsamling.ser (Filen eller katalogen finns inte)
	at java.io.FileInputStream.open0(Native Method)
	at java.io.FileInputStream.open(FileInputStream.java:195)
	at java.io.FileInputStream.<init>(FileInputStream.java:138)
	at java.io.FileInputStream.<init>(FileInputStream.java:93)
	at se.moma.pryl.integration.PersonSamling.<init>(PersonSamling.java:51)
	at se.moma.pryl.integration.PersonSamling.main(PersonSamling.java:173)
2020-jul-13 16:59:55,Exception was thrown: personsamling.ser (Filen eller katalogen finns inte)
java.io.FileNotFoundException: personsamling.ser (Filen eller katalogen finns inte)
	at java.io.FileInputStream.open0(Native Method)
	at java.io.FileInputStream.open(FileInputStream.java:195)
	at java.io.FileInputStream.<init>(FileInputStream.java:138)
	at java.io.FileInputStream.<init>(FileInputStream.java:93)
	at se.moma.pryl.integration.PersonSamling.<init>(PersonSamling.java:51)
	at se.moma.pryl.integration.PersonSamling.main(PersonSamling.java:173)
2020-jul-13 17:00:46,Exception was thrown: null
java.io.EOFException
	at java.io.ObjectInputStream$PeekInputStream.readFully(ObjectInputStream.java:2679)
	at java.io.ObjectInputStream$BlockDataInputStream.readShort(ObjectInputStream.java:3154)
	at java.io.ObjectInputStream.readStreamHeader(ObjectInputStream.java:862)
	at java.io.ObjectInputStream.<init>(ObjectInputStream.java:358)
	at se.moma.pryl.integration.PersonSamling.<init>(PersonSamling.java:52)
	at se.moma.pryl.integration.PersonSamling.main(PersonSamling.java:173)
2020-jul-13 19:42:35,Exception was thrown: personsamling.ser (Filen eller katalogen finns inte)
java.io.FileNotFoundException: personsamling.ser (Filen eller katalogen finns inte)
	at java.io.FileInputStream.open0(Native Method)
	at java.io.FileInputStream.open(FileInputStream.java:195)
	at java.io.FileInputStream.<init>(FileInputStream.java:138)
	at java.io.FileInputStream.<init>(FileInputStream.java:93)
	at se.moma.pryl.integration.PersonSamling.<init>(PersonSamling.java:57)
	at se.moma.pryl.integration.PersonSamling.main(PersonSamling.java:192)
2020-jul-14 17:09:31,Exception was thrown: Pelle finns redan registrerad!
java.lang.IllegalArgumentException: Pelle finns redan registrerad!
	at se.moma.pryl.controller.Controller.registreraNyPerson(Controller.java:49)
	at se.moma.pryl.view.View.vyn(View.java:75)
	at se.moma.pryl.startup.Main.main(Main.java:16)
2020-jul-14 17:11:47,Exception was thrown: Det finns ingen med det namnet registrerat!
java.lang.IllegalArgumentException: Det finns ingen med det namnet registrerat!
	at se.moma.pryl.view.View.vyn(View.java:87)
	at se.moma.pryl.startup.Main.main(Main.java:16)
2020-jul-14 17:12:03,Exception was thrown: Det finns ingen med det namnet registrerat!
java.lang.IllegalArgumentException: Det finns ingen med det namnet registrerat!
	at se.moma.pryl.view.View.vyn(View.java:87)
	at se.moma.pryl.startup.Main.main(Main.java:16)
2020-jul-14 17:13:21,Exception was thrown: No line found
java.util.NoSuchElementException: No line found
	at java.util.Scanner.nextLine(Scanner.java:1540)
	at se.moma.pryl.view.View.vyn(View.java:67)
	at se.moma.pryl.startup.Main.main(Main.java:16)
2020-jul-14 17:13:32,Exception was thrown: Måste skriva namn på person!
java.lang.IllegalArgumentException: Måste skriva namn på person!
	at se.moma.pryl.integration.PersonSamling.isPersonRegistrerad(PersonSamling.java:99)
	at se.moma.pryl.controller.Controller.isPersonRegistrerad(Controller.java:121)
	at se.moma.pryl.controller.Controller.registreraNyPerson(Controller.java:49)
	at se.moma.pryl.view.View.vyn(View.java:75)
	at se.moma.pryl.startup.Main.main(Main.java:16)
2020-jul-14 17:14:46,Exception was thrown: No line found
java.util.NoSuchElementException: No line found
	at java.util.Scanner.nextLine(Scanner.java:1540)
	at se.moma.pryl.view.View.vyn(View.java:67)
	at se.moma.pryl.startup.Main.main(Main.java:16)
2020-jul-14 17:14:46,Exception was thrown: No line found
java.util.NoSuchElementException: No line found
	at java.util.Scanner.nextLine(Scanner.java:1540)
	at se.moma.pryl.view.View.vyn(View.java:67)
	at se.moma.pryl.startup.Main.main(Main.java:16)
2020-jul-18 18:20:40,Exception was thrown: personsamling.ser (Filen eller katalogen finns inte)
java.io.FileNotFoundException: personsamling.ser (Filen eller katalogen finns inte)
	at java.io.FileInputStream.open0(Native Method)
	at java.io.FileInputStream.open(FileInputStream.java:195)
	at java.io.FileInputStream.<init>(FileInputStream.java:138)
	at java.io.FileInputStream.<init>(FileInputStream.java:93)
	at se.moma.pryl.integration.PersonSamling.<init>(PersonSamling.java:54)
	at se.moma.pryl.controller.ControllerTest.setUp(ControllerTest.java:35)
	at sun.reflect.NativeMethodAccessorImpl.invoke0(Native Method)
	at sun.reflect.NativeMethodAccessorImpl.invoke(NativeMethodAccessorImpl.java:62)
	at sun.reflect.DelegatingMethodAccessorImpl.invoke(DelegatingMethodAccessorImpl.java:43)
	at java.lang.reflect.Method.invoke(Method.java:498)
	at org.junit.runners.model.FrameworkMethod$1.runReflectiveCall(FrameworkMethod.java:50)
	at org.junit.internal.runners.model.ReflectiveCallable.run(ReflectiveCallable.java:12)
	at org.junit.runners.model.FrameworkMethod.invokeExplosively(FrameworkMethod.java:47)
	at org.junit.internal.runners.statements.RunBefores.evaluate(RunBefores.java:24)
	at org.junit.runners.ParentRunner.runLeaf(ParentRunner.java:325)
	at org.junit.runners.BlockJUnit4ClassRunner.runChild(BlockJUnit4ClassRunner.java:78)
	at org.junit.runners.BlockJUnit4ClassRunner.runChild(BlockJUnit4ClassRunner.java:57)
	at org.junit.runners.ParentRunner$3.run(ParentRunner.java:290)
	at org.junit.runners.ParentRunner$1.schedule(ParentRunner.java:71)
	at org.junit.runners.ParentRunner.runChildren(ParentRunner.java:288)
	at org.junit.runners.ParentRunner.access$000(ParentRunner.java:58)
	at org.junit.runners.ParentRunner$2.evaluate(ParentRunner.java:268)
	at org.junit.runners.ParentRunner.run(ParentRunner.java:363)
	at junit.framework.JUnit4TestAdapter.run(JUnit4TestAdapter.java:38)
	at org.apache.tools.ant.taskdefs.optional.junit.JUnitTestRunner.run(JUnitTestRunner.java:535)
	at org.apache.tools.ant.taskdefs.optional.junit.JUnitTestRunner.launch(JUnitTestRunner.java:1182)
	at org.apache.tools.ant.taskdefs.optional.junit.JUnitTestRunner.main(JUnitTestRunner.java:1033)
2020-jul-18 18:20:40,Exception was thrown: personsamling.ser (Filen eller katalogen finns inte)
java.io.FileNotFoundException: personsamling.ser (Filen eller katalogen finns inte)
	at java.io.FileInputStream.open0(Native Method)
	at java.io.FileInputStream.open(FileInputStream.java:195)
	at java.io.FileInputStream.<init>(FileInputStream.java:138)
	at java.io.FileInputStream.<init>(FileInputStream.java:93)
	at se.moma.pryl.integration.PersonSamling.<init>(PersonSamling.java:54)
	at se.moma.pryl.controller.Controller.<init>(Controller.java:36)
	at se.moma.pryl.controller.ControllerTest.setUp(ControllerTest.java:37)
	at sun.reflect.NativeMethodAccessorImpl.invoke0(Native Method)
	at sun.reflect.NativeMethodAccessorImpl.invoke(NativeMethodAccessorImpl.java:62)
	at sun.reflect.DelegatingMethodAccessorImpl.invoke(DelegatingMethodAccessorImpl.java:43)
	at java.lang.reflect.Method.invoke(Method.java:498)
	at org.junit.runners.model.FrameworkMethod$1.runReflectiveCall(FrameworkMethod.java:50)
	at org.junit.internal.runners.model.ReflectiveCallable.run(ReflectiveCallable.java:12)
	at org.junit.runners.model.FrameworkMethod.invokeExplosively(FrameworkMethod.java:47)
	at org.junit.internal.runners.statements.RunBefores.evaluate(RunBefores.java:24)
	at org.junit.runners.ParentRunner.runLeaf(ParentRunner.java:325)
	at org.junit.runners.BlockJUnit4ClassRunner.runChild(BlockJUnit4ClassRunner.java:78)
	at org.junit.runners.BlockJUnit4ClassRunner.runChild(BlockJUnit4ClassRunner.java:57)
	at org.junit.runners.ParentRunner$3.run(ParentRunner.java:290)
	at org.junit.runners.ParentRunner$1.schedule(ParentRunner.java:71)
	at org.junit.runners.ParentRunner.runChildren(ParentRunner.java:288)
	at org.junit.runners.ParentRunner.access$000(ParentRunner.java:58)
	at org.junit.runners.ParentRunner$2.evaluate(ParentRunner.java:268)
	at org.junit.runners.ParentRunner.run(ParentRunner.java:363)
	at junit.framework.JUnit4TestAdapter.run(JUnit4TestAdapter.java:38)
	at org.apache.tools.ant.taskdefs.optional.junit.JUnitTestRunner.run(JUnitTestRunner.java:535)
	at org.apache.tools.ant.taskdefs.optional.junit.JUnitTestRunner.launch(JUnitTestRunner.java:1182)
	at org.apache.tools.ant.taskdefs.optional.junit.JUnitTestRunner.main(JUnitTestRunner.java:1033)
2020-jul-18 18:20:41,Exception was thrown: personsamling.ser (Filen eller katalogen finns inte)
java.io.FileNotFoundException: personsamling.ser (Filen eller katalogen finns inte)
	at java.io.FileInputStream.open0(Native Method)
	at java.io.FileInputStream.open(FileInputStream.java:195)
	at java.io.FileInputStream.<init>(FileInputStream.java:138)
	at java.io.FileInputStream.<init>(FileInputStream.java:93)
	at se.moma.pryl.integration.PersonSamling.<init>(PersonSamling.java:54)
	at se.moma.pryl.controller.ControllerTest.setUp(ControllerTest.java:35)
	at sun.reflect.NativeMethodAccessorImpl.invoke0(Native Method)
	at sun.reflect.NativeMethodAccessorImpl.invoke(NativeMethodAccessorImpl.java:62)
	at sun.reflect.DelegatingMethodAccessorImpl.invoke(DelegatingMethodAccessorImpl.java:43)
	at java.lang.reflect.Method.invoke(Method.java:498)
	at org.junit.runners.model.FrameworkMethod$1.runReflectiveCall(FrameworkMethod.java:50)
	at org.junit.internal.runners.model.ReflectiveCallable.run(ReflectiveCallable.java:12)
	at org.junit.runners.model.FrameworkMethod.invokeExplosively(FrameworkMethod.java:47)
	at org.junit.internal.runners.statements.RunBefores.evaluate(RunBefores.java:24)
	at org.junit.runners.ParentRunner.runLeaf(ParentRunner.java:325)
	at org.junit.runners.BlockJUnit4ClassRunner.runChild(BlockJUnit4ClassRunner.java:78)
	at org.junit.runners.BlockJUnit4ClassRunner.runChild(BlockJUnit4ClassRunner.java:57)
	at org.junit.runners.ParentRunner$3.run(ParentRunner.java:290)
	at org.junit.runners.ParentRunner$1.schedule(ParentRunner.java:71)
	at org.junit.runners.ParentRunner.runChildren(ParentRunner.java:288)
	at org.junit.runners.ParentRunner.access$000(ParentRunner.java:58)
	at org.junit.runners.ParentRunner$2.evaluate(ParentRunner.java:268)
	at org.junit.runners.ParentRunner.run(ParentRunner.java:363)
	at junit.framework.JUnit4TestAdapter.run(JUnit4TestAdapter.java:38)
	at org.apache.tools.ant.taskdefs.optional.junit.JUnitTestRunner.run(JUnitTestRunner.java:535)
	at org.apache.tools.ant.taskdefs.optional.junit.JUnitTestRunner.launch(JUnitTestRunner.java:1182)
	at org.apache.tools.ant.taskdefs.optional.junit.JUnitTestRunner.main(JUnitTestRunner.java:1033)
2020-jul-18 18:20:41,Exception was thrown: personsamling.ser (Filen eller katalogen finns inte)
java.io.FileNotFoundException: personsamling.ser (Filen eller katalogen finns inte)
	at java.io.FileInputStream.open0(Native Method)
	at java.io.FileInputStream.open(FileInputStream.java:195)
	at java.io.FileInputStream.<init>(FileInputStream.java:138)
	at java.io.FileInputStream.<init>(FileInputStream.java:93)
	at se.moma.pryl.integration.PersonSamling.<init>(PersonSamling.java:54)
	at se.moma.pryl.controller.Controller.<init>(Controller.java:36)
	at se.moma.pryl.controller.ControllerTest.setUp(ControllerTest.java:37)
	at sun.reflect.NativeMethodAccessorImpl.invoke0(Native Method)
	at sun.reflect.NativeMethodAccessorImpl.invoke(NativeMethodAccessorImpl.java:62)
	at sun.reflect.DelegatingMethodAccessorImpl.invoke(DelegatingMethodAccessorImpl.java:43)
	at java.lang.reflect.Method.invoke(Method.java:498)
	at org.junit.runners.model.FrameworkMethod$1.runReflectiveCall(FrameworkMethod.java:50)
	at org.junit.internal.runners.model.ReflectiveCallable.run(ReflectiveCallable.java:12)
	at org.junit.runners.model.FrameworkMethod.invokeExplosively(FrameworkMethod.java:47)
	at org.junit.internal.runners.statements.RunBefores.evaluate(RunBefores.java:24)
	at org.junit.runners.ParentRunner.runLeaf(ParentRunner.java:325)
	at org.junit.runners.BlockJUnit4ClassRunner.runChild(BlockJUnit4ClassRunner.java:78)
	at org.junit.runners.BlockJUnit4ClassRunner.runChild(BlockJUnit4ClassRunner.java:57)
	at org.junit.runners.ParentRunner$3.run(ParentRunner.java:290)
	at org.junit.runners.ParentRunner$1.schedule(ParentRunner.java:71)
	at org.junit.runners.ParentRunner.runChildren(ParentRunner.java:288)
	at org.junit.runners.ParentRunner.access$000(ParentRunner.java:58)
	at org.junit.runners.ParentRunner$2.evaluate(ParentRunner.java:268)
	at org.junit.runners.ParentRunner.run(ParentRunner.java:363)
	at junit.framework.JUnit4TestAdapter.run(JUnit4TestAdapter.java:38)
	at org.apache.tools.ant.taskdefs.optional.junit.JUnitTestRunner.run(JUnitTestRunner.java:535)
	at org.apache.tools.ant.taskdefs.optional.junit.JUnitTestRunner.launch(JUnitTestRunner.java:1182)
	at org.apache.tools.ant.taskdefs.optional.junit.JUnitTestRunner.main(JUnitTestRunner.java:1033)
2020-jul-18 18:20:41,Exception was thrown: personsamling.ser (Filen eller katalogen finns inte)
java.io.FileNotFoundException: personsamling.ser (Filen eller katalogen finns inte)
	at java.io.FileInputStream.open0(Native Method)
	at java.io.FileInputStream.open(FileInputStream.java:195)
	at java.io.FileInputStream.<init>(FileInputStream.java:138)
	at java.io.FileInputStream.<init>(FileInputStream.java:93)
	at se.moma.pryl.integration.PersonSamling.<init>(PersonSamling.java:54)
	at se.moma.pryl.controller.ControllerTest.setUp(ControllerTest.java:35)
	at sun.reflect.NativeMethodAccessorImpl.invoke0(Native Method)
	at sun.reflect.NativeMethodAccessorImpl.invoke(NativeMethodAccessorImpl.java:62)
	at sun.reflect.DelegatingMethodAccessorImpl.invoke(DelegatingMethodAccessorImpl.java:43)
	at java.lang.reflect.Method.invoke(Method.java:498)
	at org.junit.runners.model.FrameworkMethod$1.runReflectiveCall(FrameworkMethod.java:50)
	at org.junit.internal.runners.model.ReflectiveCallable.run(ReflectiveCallable.java:12)
	at org.junit.runners.model.FrameworkMethod.invokeExplosively(FrameworkMethod.java:47)
	at org.junit.internal.runners.statements.RunBefores.evaluate(RunBefores.java:24)
	at org.junit.runners.ParentRunner.runLeaf(ParentRunner.java:325)
	at org.junit.runners.BlockJUnit4ClassRunner.runChild(BlockJUnit4ClassRunner.java:78)
	at org.junit.runners.BlockJUnit4ClassRunner.runChild(BlockJUnit4ClassRunner.java:57)
	at org.junit.runners.ParentRunner$3.run(ParentRunner.java:290)
	at org.junit.runners.ParentRunner$1.schedule(ParentRunner.java:71)
	at org.junit.runners.ParentRunner.runChildren(ParentRunner.java:288)
	at org.junit.runners.ParentRunner.access$000(ParentRunner.java:58)
	at org.junit.runners.ParentRunner$2.evaluate(ParentRunner.java:268)
	at org.junit.runners.ParentRunner.run(ParentRunner.java:363)
	at junit.framework.JUnit4TestAdapter.run(JUnit4TestAdapter.java:38)
	at org.apache.tools.ant.taskdefs.optional.junit.JUnitTestRunner.run(JUnitTestRunner.java:535)
	at org.apache.tools.ant.taskdefs.optional.junit.JUnitTestRunner.launch(JUnitTestRunner.java:1182)
	at org.apache.tools.ant.taskdefs.optional.junit.JUnitTestRunner.main(JUnitTestRunner.java:1033)
2020-jul-18 18:20:41,Exception was thrown: personsamling.ser (Filen eller katalogen finns inte)
java.io.FileNotFoundException: personsamling.ser (Filen eller katalogen finns inte)
	at java.io.FileInputStream.open0(Native Method)
	at java.io.FileInputStream.open(FileInputStream.java:195)
	at java.io.FileInputStream.<init>(FileInputStream.java:138)
	at java.io.FileInputStream.<init>(FileInputStream.java:93)
	at se.moma.pryl.integration.PersonSamling.<init>(PersonSamling.java:54)
	at se.moma.pryl.controller.Controller.<init>(Controller.java:36)
	at se.moma.pryl.controller.ControllerTest.setUp(ControllerTest.java:37)
	at sun.reflect.NativeMethodAccessorImpl.invoke0(Native Method)
	at sun.reflect.NativeMethodAccessorImpl.invoke(NativeMethodAccessorImpl.java:62)
	at sun.reflect.DelegatingMethodAccessorImpl.invoke(DelegatingMethodAccessorImpl.java:43)
	at java.lang.reflect.Method.invoke(Method.java:498)
	at org.junit.runners.model.FrameworkMethod$1.runReflectiveCall(FrameworkMethod.java:50)
	at org.junit.internal.runners.model.ReflectiveCallable.run(ReflectiveCallable.java:12)
	at org.junit.runners.model.FrameworkMethod.invokeExplosively(FrameworkMethod.java:47)
	at org.junit.internal.runners.statements.RunBefores.evaluate(RunBefores.java:24)
	at org.junit.runners.ParentRunner.runLeaf(ParentRunner.java:325)
	at org.junit.runners.BlockJUnit4ClassRunner.runChild(BlockJUnit4ClassRunner.java:78)
	at org.junit.runners.BlockJUnit4ClassRunner.runChild(BlockJUnit4ClassRunner.java:57)
	at org.junit.runners.ParentRunner$3.run(ParentRunner.java:290)
	at org.junit.runners.ParentRunner$1.schedule(ParentRunner.java:71)
	at org.junit.runners.ParentRunner.runChildren(ParentRunner.java:288)
	at org.junit.runners.ParentRunner.access$000(ParentRunner.java:58)
	at org.junit.runners.ParentRunner$2.evaluate(ParentRunner.java:268)
	at org.junit.runners.ParentRunner.run(ParentRunner.java:363)
	at junit.framework.JUnit4TestAdapter.run(JUnit4TestAdapter.java:38)
	at org.apache.tools.ant.taskdefs.optional.junit.JUnitTestRunner.run(JUnitTestRunner.java:535)
	at org.apache.tools.ant.taskdefs.optional.junit.JUnitTestRunner.launch(JUnitTestRunner.java:1182)
	at org.apache.tools.ant.taskdefs.optional.junit.JUnitTestRunner.main(JUnitTestRunner.java:1033)
2020-jul-18 18:20:42,Exception was thrown: personsamling.ser (Filen eller katalogen finns inte)
java.io.FileNotFoundException: personsamling.ser (Filen eller katalogen finns inte)
	at java.io.FileInputStream.open0(Native Method)
	at java.io.FileInputStream.open(FileInputStream.java:195)
	at java.io.FileInputStream.<init>(FileInputStream.java:138)
	at java.io.FileInputStream.<init>(FileInputStream.java:93)
	at se.moma.pryl.integration.PersonSamling.<init>(PersonSamling.java:54)
	at se.moma.pryl.integration.PersonSamlingTest.setUp(PersonSamlingTest.java:36)
	at sun.reflect.NativeMethodAccessorImpl.invoke0(Native Method)
	at sun.reflect.NativeMethodAccessorImpl.invoke(NativeMethodAccessorImpl.java:62)
	at sun.reflect.DelegatingMethodAccessorImpl.invoke(DelegatingMethodAccessorImpl.java:43)
	at java.lang.reflect.Method.invoke(Method.java:498)
	at org.junit.runners.model.FrameworkMethod$1.runReflectiveCall(FrameworkMethod.java:50)
	at org.junit.internal.runners.model.ReflectiveCallable.run(ReflectiveCallable.java:12)
	at org.junit.runners.model.FrameworkMethod.invokeExplosively(FrameworkMethod.java:47)
	at org.junit.internal.runners.statements.RunBefores.evaluate(RunBefores.java:24)
	at org.junit.runners.ParentRunner.runLeaf(ParentRunner.java:325)
	at org.junit.runners.BlockJUnit4ClassRunner.runChild(BlockJUnit4ClassRunner.java:78)
	at org.junit.runners.BlockJUnit4ClassRunner.runChild(BlockJUnit4ClassRunner.java:57)
	at org.junit.runners.ParentRunner$3.run(ParentRunner.java:290)
	at org.junit.runners.ParentRunner$1.schedule(ParentRunner.java:71)
	at org.junit.runners.ParentRunner.runChildren(ParentRunner.java:288)
	at org.junit.runners.ParentRunner.access$000(ParentRunner.java:58)
	at org.junit.runners.ParentRunner$2.evaluate(ParentRunner.java:268)
	at org.junit.runners.ParentRunner.run(ParentRunner.java:363)
	at junit.framework.JUnit4TestAdapter.run(JUnit4TestAdapter.java:38)
	at org.apache.tools.ant.taskdefs.optional.junit.JUnitTestRunner.run(JUnitTestRunner.java:535)
	at org.apache.tools.ant.taskdefs.optional.junit.JUnitTestRunner.launch(JUnitTestRunner.java:1182)
	at org.apache.tools.ant.taskdefs.optional.junit.JUnitTestRunner.main(JUnitTestRunner.java:1033)
2020-jul-18 18:20:42,Exception was thrown: personsamling.ser (Filen eller katalogen finns inte)
java.io.FileNotFoundException: personsamling.ser (Filen eller katalogen finns inte)
	at java.io.FileInputStream.open0(Native Method)
	at java.io.FileInputStream.open(FileInputStream.java:195)
	at java.io.FileInputStream.<init>(FileInputStream.java:138)
	at java.io.FileInputStream.<init>(FileInputStream.java:93)
	at se.moma.pryl.integration.PersonSamling.<init>(PersonSamling.java:54)
	at se.moma.pryl.integration.PersonSamlingTest.setUp(PersonSamlingTest.java:36)
	at sun.reflect.NativeMethodAccessorImpl.invoke0(Native Method)
	at sun.reflect.NativeMethodAccessorImpl.invoke(NativeMethodAccessorImpl.java:62)
	at sun.reflect.DelegatingMethodAccessorImpl.invoke(DelegatingMethodAccessorImpl.java:43)
	at java.lang.reflect.Method.invoke(Method.java:498)
	at org.junit.runners.model.FrameworkMethod$1.runReflectiveCall(FrameworkMethod.java:50)
	at org.junit.internal.runners.model.ReflectiveCallable.run(ReflectiveCallable.java:12)
	at org.junit.runners.model.FrameworkMethod.invokeExplosively(FrameworkMethod.java:47)
	at org.junit.internal.runners.statements.RunBefores.evaluate(RunBefores.java:24)
	at org.junit.runners.ParentRunner.runLeaf(ParentRunner.java:325)
	at org.junit.runners.BlockJUnit4ClassRunner.runChild(BlockJUnit4ClassRunner.java:78)
	at org.junit.runners.BlockJUnit4ClassRunner.runChild(BlockJUnit4ClassRunner.java:57)
	at org.junit.runners.ParentRunner$3.run(ParentRunner.java:290)
	at org.junit.runners.ParentRunner$1.schedule(ParentRunner.java:71)
	at org.junit.runners.ParentRunner.runChildren(ParentRunner.java:288)
	at org.junit.runners.ParentRunner.access$000(ParentRunner.java:58)
	at org.junit.runners.ParentRunner$2.evaluate(ParentRunner.java:268)
	at org.junit.runners.ParentRunner.run(ParentRunner.java:363)
	at junit.framework.JUnit4TestAdapter.run(JUnit4TestAdapter.java:38)
	at org.apache.tools.ant.taskdefs.optional.junit.JUnitTestRunner.run(JUnitTestRunner.java:535)
	at org.apache.tools.ant.taskdefs.optional.junit.JUnitTestRunner.launch(JUnitTestRunner.java:1182)
	at org.apache.tools.ant.taskdefs.optional.junit.JUnitTestRunner.main(JUnitTestRunner.java:1033)
2020-jul-18 18:20:42,Exception was thrown: personsamling.ser (Filen eller katalogen finns inte)
java.io.FileNotFoundException: personsamling.ser (Filen eller katalogen finns inte)
	at java.io.FileInputStream.open0(Native Method)
	at java.io.FileInputStream.open(FileInputStream.java:195)
	at java.io.FileInputStream.<init>(FileInputStream.java:138)
	at java.io.FileInputStream.<init>(FileInputStream.java:93)
	at se.moma.pryl.integration.PersonSamling.<init>(PersonSamling.java:54)
	at se.moma.pryl.integration.PersonSamlingTest.setUp(PersonSamlingTest.java:36)
	at sun.reflect.NativeMethodAccessorImpl.invoke0(Native Method)
	at sun.reflect.NativeMethodAccessorImpl.invoke(NativeMethodAccessorImpl.java:62)
	at sun.reflect.DelegatingMethodAccessorImpl.invoke(DelegatingMethodAccessorImpl.java:43)
	at java.lang.reflect.Method.invoke(Method.java:498)
	at org.junit.runners.model.FrameworkMethod$1.runReflectiveCall(FrameworkMethod.java:50)
	at org.junit.internal.runners.model.ReflectiveCallable.run(ReflectiveCallable.java:12)
	at org.junit.runners.model.FrameworkMethod.invokeExplosively(FrameworkMethod.java:47)
	at org.junit.internal.runners.statements.RunBefores.evaluate(RunBefores.java:24)
	at org.junit.runners.ParentRunner.runLeaf(ParentRunner.java:325)
	at org.junit.runners.BlockJUnit4ClassRunner.runChild(BlockJUnit4ClassRunner.java:78)
	at org.junit.runners.BlockJUnit4ClassRunner.runChild(BlockJUnit4ClassRunner.java:57)
	at org.junit.runners.ParentRunner$3.run(ParentRunner.java:290)
	at org.junit.runners.ParentRunner$1.schedule(ParentRunner.java:71)
	at org.junit.runners.ParentRunner.runChildren(ParentRunner.java:288)
	at org.junit.runners.ParentRunner.access$000(ParentRunner.java:58)
	at org.junit.runners.ParentRunner$2.evaluate(ParentRunner.java:268)
	at org.junit.runners.ParentRunner.run(ParentRunner.java:363)
	at junit.framework.JUnit4TestAdapter.run(JUnit4TestAdapter.java:38)
	at org.apache.tools.ant.taskdefs.optional.junit.JUnitTestRunner.run(JUnitTestRunner.java:535)
	at org.apache.tools.ant.taskdefs.optional.junit.JUnitTestRunner.launch(JUnitTestRunner.java:1182)
	at org.apache.tools.ant.taskdefs.optional.junit.JUnitTestRunner.main(JUnitTestRunner.java:1033)
2020-jul-18 18:20:42,Exception was thrown: personsamling.ser (Filen eller katalogen finns inte)
java.io.FileNotFoundException: personsamling.ser (Filen eller katalogen finns inte)
	at java.io.FileInputStream.open0(Native Method)
	at java.io.FileInputStream.open(FileInputStream.java:195)
	at java.io.FileInputStream.<init>(FileInputStream.java:138)
	at java.io.FileInputStream.<init>(FileInputStream.java:93)
	at se.moma.pryl.integration.PersonSamling.<init>(PersonSamling.java:54)
	at se.moma.pryl.integration.PersonSamlingTest.setUp(PersonSamlingTest.java:36)
	at sun.reflect.NativeMethodAccessorImpl.invoke0(Native Method)
	at sun.reflect.NativeMethodAccessorImpl.invoke(NativeMethodAccessorImpl.java:62)
	at sun.reflect.DelegatingMethodAccessorImpl.invoke(DelegatingMethodAccessorImpl.java:43)
	at java.lang.reflect.Method.invoke(Method.java:498)
	at org.junit.runners.model.FrameworkMethod$1.runReflectiveCall(FrameworkMethod.java:50)
	at org.junit.internal.runners.model.ReflectiveCallable.run(ReflectiveCallable.java:12)
	at org.junit.runners.model.FrameworkMethod.invokeExplosively(FrameworkMethod.java:47)
	at org.junit.internal.runners.statements.RunBefores.evaluate(RunBefores.java:24)
	at org.junit.runners.ParentRunner.runLeaf(ParentRunner.java:325)
	at org.junit.runners.BlockJUnit4ClassRunner.runChild(BlockJUnit4ClassRunner.java:78)
	at org.junit.runners.BlockJUnit4ClassRunner.runChild(BlockJUnit4ClassRunner.java:57)
	at org.junit.runners.ParentRunner$3.run(ParentRunner.java:290)
	at org.junit.runners.ParentRunner$1.schedule(ParentRunner.java:71)
	at org.junit.runners.ParentRunner.runChildren(ParentRunner.java:288)
	at org.junit.runners.ParentRunner.access$000(ParentRunner.java:58)
	at org.junit.runners.ParentRunner$2.evaluate(ParentRunner.java:268)
	at org.junit.runners.ParentRunner.run(ParentRunner.java:363)
	at junit.framework.JUnit4TestAdapter.run(JUnit4TestAdapter.java:38)
	at org.apache.tools.ant.taskdefs.optional.junit.JUnitTestRunner.run(JUnitTestRunner.java:535)
	at org.apache.tools.ant.taskdefs.optional.junit.JUnitTestRunner.launch(JUnitTestRunner.java:1182)
	at org.apache.tools.ant.taskdefs.optional.junit.JUnitTestRunner.main(JUnitTestRunner.java:1033)
2020-jul-18 18:20:42,Exception was thrown: personsamling.ser (Filen eller katalogen finns inte)
java.io.FileNotFoundException: personsamling.ser (Filen eller katalogen finns inte)
	at java.io.FileInputStream.open0(Native Method)
	at java.io.FileInputStream.open(FileInputStream.java:195)
	at java.io.FileInputStream.<init>(FileInputStream.java:138)
	at java.io.FileInputStream.<init>(FileInputStream.java:93)
	at se.moma.pryl.integration.PersonSamling.<init>(PersonSamling.java:54)
	at se.moma.pryl.integration.PersonSamlingTest.setUp(PersonSamlingTest.java:36)
	at sun.reflect.NativeMethodAccessorImpl.invoke0(Native Method)
	at sun.reflect.NativeMethodAccessorImpl.invoke(NativeMethodAccessorImpl.java:62)
	at sun.reflect.DelegatingMethodAccessorImpl.invoke(DelegatingMethodAccessorImpl.java:43)
	at java.lang.reflect.Method.invoke(Method.java:498)
	at org.junit.runners.model.FrameworkMethod$1.runReflectiveCall(FrameworkMethod.java:50)
	at org.junit.internal.runners.model.ReflectiveCallable.run(ReflectiveCallable.java:12)
	at org.junit.runners.model.FrameworkMethod.invokeExplosively(FrameworkMethod.java:47)
	at org.junit.internal.runners.statements.RunBefores.evaluate(RunBefores.java:24)
	at org.junit.runners.ParentRunner.runLeaf(ParentRunner.java:325)
	at org.junit.runners.BlockJUnit4ClassRunner.runChild(BlockJUnit4ClassRunner.java:78)
	at org.junit.runners.BlockJUnit4ClassRunner.runChild(BlockJUnit4ClassRunner.java:57)
	at org.junit.runners.ParentRunner$3.run(ParentRunner.java:290)
	at org.junit.runners.ParentRunner$1.schedule(ParentRunner.java:71)
	at org.junit.runners.ParentRunner.runChildren(ParentRunner.java:288)
	at org.junit.runners.ParentRunner.access$000(ParentRunner.java:58)
	at org.junit.runners.ParentRunner$2.evaluate(ParentRunner.java:268)
	at org.junit.runners.ParentRunner.run(ParentRunner.java:363)
	at junit.framework.JUnit4TestAdapter.run(JUnit4TestAdapter.java:38)
	at org.apache.tools.ant.taskdefs.optional.junit.JUnitTestRunner.run(JUnitTestRunner.java:535)
	at org.apache.tools.ant.taskdefs.optional.junit.JUnitTestRunner.launch(JUnitTestRunner.java:1182)
	at org.apache.tools.ant.taskdefs.optional.junit.JUnitTestRunner.main(JUnitTestRunner.java:1033)
2020-jul-18 18:20:42,Exception was thrown: personsamling.ser (Filen eller katalogen finns inte)
java.io.FileNotFoundException: personsamling.ser (Filen eller katalogen finns inte)
	at java.io.FileInputStream.open0(Native Method)
	at java.io.FileInputStream.open(FileInputStream.java:195)
	at java.io.FileInputStream.<init>(FileInputStream.java:138)
	at java.io.FileInputStream.<init>(FileInputStream.java:93)
	at se.moma.pryl.integration.PersonSamling.<init>(PersonSamling.java:54)
	at se.moma.pryl.integration.PersonSamlingTest.testHämtaPersonShouldThrowIEAForNonValidPerson(PersonSamlingTest.java:78)
	at sun.reflect.NativeMethodAccessorImpl.invoke0(Native Method)
	at sun.reflect.NativeMethodAccessorImpl.invoke(NativeMethodAccessorImpl.java:62)
	at sun.reflect.DelegatingMethodAccessorImpl.invoke(DelegatingMethodAccessorImpl.java:43)
	at java.lang.reflect.Method.invoke(Method.java:498)
	at org.junit.runners.model.FrameworkMethod$1.runReflectiveCall(FrameworkMethod.java:50)
	at org.junit.internal.runners.model.ReflectiveCallable.run(ReflectiveCallable.java:12)
	at org.junit.runners.model.FrameworkMethod.invokeExplosively(FrameworkMethod.java:47)
	at org.junit.internal.runners.statements.InvokeMethod.evaluate(InvokeMethod.java:17)
	at org.junit.internal.runners.statements.ExpectException.evaluate(ExpectException.java:19)
	at org.junit.internal.runners.statements.RunBefores.evaluate(RunBefores.java:26)
	at org.junit.runners.ParentRunner.runLeaf(ParentRunner.java:325)
	at org.junit.runners.BlockJUnit4ClassRunner.runChild(BlockJUnit4ClassRunner.java:78)
	at org.junit.runners.BlockJUnit4ClassRunner.runChild(BlockJUnit4ClassRunner.java:57)
	at org.junit.runners.ParentRunner$3.run(ParentRunner.java:290)
	at org.junit.runners.ParentRunner$1.schedule(ParentRunner.java:71)
	at org.junit.runners.ParentRunner.runChildren(ParentRunner.java:288)
	at org.junit.runners.ParentRunner.access$000(ParentRunner.java:58)
	at org.junit.runners.ParentRunner$2.evaluate(ParentRunner.java:268)
	at org.junit.runners.ParentRunner.run(ParentRunner.java:363)
	at junit.framework.JUnit4TestAdapter.run(JUnit4TestAdapter.java:38)
	at org.apache.tools.ant.taskdefs.optional.junit.JUnitTestRunner.run(JUnitTestRunner.java:535)
	at org.apache.tools.ant.taskdefs.optional.junit.JUnitTestRunner.launch(JUnitTestRunner.java:1182)
	at org.apache.tools.ant.taskdefs.optional.junit.JUnitTestRunner.main(JUnitTestRunner.java:1033)
2020-jul-18 18:20:42,Exception was thrown: personsamling.ser (Filen eller katalogen finns inte)
java.io.FileNotFoundException: personsamling.ser (Filen eller katalogen finns inte)
	at java.io.FileInputStream.open0(Native Method)
	at java.io.FileInputStream.open(FileInputStream.java:195)
	at java.io.FileInputStream.<init>(FileInputStream.java:138)
	at java.io.FileInputStream.<init>(FileInputStream.java:93)
	at se.moma.pryl.integration.PersonSamling.<init>(PersonSamling.java:54)
	at se.moma.pryl.integration.PersonSamlingTest.setUp(PersonSamlingTest.java:36)
	at sun.reflect.NativeMethodAccessorImpl.invoke0(Native Method)
	at sun.reflect.NativeMethodAccessorImpl.invoke(NativeMethodAccessorImpl.java:62)
	at sun.reflect.DelegatingMethodAccessorImpl.invoke(DelegatingMethodAccessorImpl.java:43)
	at java.lang.reflect.Method.invoke(Method.java:498)
	at org.junit.runners.model.FrameworkMethod$1.runReflectiveCall(FrameworkMethod.java:50)
	at org.junit.internal.runners.model.ReflectiveCallable.run(ReflectiveCallable.java:12)
	at org.junit.runners.model.FrameworkMethod.invokeExplosively(FrameworkMethod.java:47)
	at org.junit.internal.runners.statements.RunBefores.evaluate(RunBefores.java:24)
	at org.junit.runners.ParentRunner.runLeaf(ParentRunner.java:325)
	at org.junit.runners.BlockJUnit4ClassRunner.runChild(BlockJUnit4ClassRunner.java:78)
	at org.junit.runners.BlockJUnit4ClassRunner.runChild(BlockJUnit4ClassRunner.java:57)
	at org.junit.runners.ParentRunner$3.run(ParentRunner.java:290)
	at org.junit.runners.ParentRunner$1.schedule(ParentRunner.java:71)
	at org.junit.runners.ParentRunner.runChildren(ParentRunner.java:288)
	at org.junit.runners.ParentRunner.access$000(ParentRunner.java:58)
	at org.junit.runners.ParentRunner$2.evaluate(ParentRunner.java:268)
	at org.junit.runners.ParentRunner.run(ParentRunner.java:363)
	at junit.framework.JUnit4TestAdapter.run(JUnit4TestAdapter.java:38)
	at org.apache.tools.ant.taskdefs.optional.junit.JUnitTestRunner.run(JUnitTestRunner.java:535)
	at org.apache.tools.ant.taskdefs.optional.junit.JUnitTestRunner.launch(JUnitTestRunner.java:1182)
	at org.apache.tools.ant.taskdefs.optional.junit.JUnitTestRunner.main(JUnitTestRunner.java:1033)
2020-jul-18 18:20:42,Exception was thrown: personsamling.ser (Filen eller katalogen finns inte)
java.io.FileNotFoundException: personsamling.ser (Filen eller katalogen finns inte)
	at java.io.FileInputStream.open0(Native Method)
	at java.io.FileInputStream.open(FileInputStream.java:195)
	at java.io.FileInputStream.<init>(FileInputStream.java:138)
	at java.io.FileInputStream.<init>(FileInputStream.java:93)
	at se.moma.pryl.integration.PersonSamling.<init>(PersonSamling.java:54)
	at se.moma.pryl.integration.PersonSamlingTest.setUp(PersonSamlingTest.java:36)
	at sun.reflect.NativeMethodAccessorImpl.invoke0(Native Method)
	at sun.reflect.NativeMethodAccessorImpl.invoke(NativeMethodAccessorImpl.java:62)
	at sun.reflect.DelegatingMethodAccessorImpl.invoke(DelegatingMethodAccessorImpl.java:43)
	at java.lang.reflect.Method.invoke(Method.java:498)
	at org.junit.runners.model.FrameworkMethod$1.runReflectiveCall(FrameworkMethod.java:50)
	at org.junit.internal.runners.model.ReflectiveCallable.run(ReflectiveCallable.java:12)
	at org.junit.runners.model.FrameworkMethod.invokeExplosively(FrameworkMethod.java:47)
	at org.junit.internal.runners.statements.RunBefores.evaluate(RunBefores.java:24)
	at org.junit.runners.ParentRunner.runLeaf(ParentRunner.java:325)
	at org.junit.runners.BlockJUnit4ClassRunner.runChild(BlockJUnit4ClassRunner.java:78)
	at org.junit.runners.BlockJUnit4ClassRunner.runChild(BlockJUnit4ClassRunner.java:57)
	at org.junit.runners.ParentRunner$3.run(ParentRunner.java:290)
	at org.junit.runners.ParentRunner$1.schedule(ParentRunner.java:71)
	at org.junit.runners.ParentRunner.runChildren(ParentRunner.java:288)
	at org.junit.runners.ParentRunner.access$000(ParentRunner.java:58)
	at org.junit.runners.ParentRunner$2.evaluate(ParentRunner.java:268)
	at org.junit.runners.ParentRunner.run(ParentRunner.java:363)
	at junit.framework.JUnit4TestAdapter.run(JUnit4TestAdapter.java:38)
	at org.apache.tools.ant.taskdefs.optional.junit.JUnitTestRunner.run(JUnitTestRunner.java:535)
	at org.apache.tools.ant.taskdefs.optional.junit.JUnitTestRunner.launch(JUnitTestRunner.java:1182)
	at org.apache.tools.ant.taskdefs.optional.junit.JUnitTestRunner.main(JUnitTestRunner.java:1033)
2020-jul-18 18:20:42,Exception was thrown: personsamling.ser (Filen eller katalogen finns inte)
java.io.FileNotFoundException: personsamling.ser (Filen eller katalogen finns inte)
	at java.io.FileInputStream.open0(Native Method)
	at java.io.FileInputStream.open(FileInputStream.java:195)
	at java.io.FileInputStream.<init>(FileInputStream.java:138)
	at java.io.FileInputStream.<init>(FileInputStream.java:93)
	at se.moma.pryl.integration.PersonSamling.<init>(PersonSamling.java:54)
	at se.moma.pryl.integration.PersonSamlingTest.setUp(PersonSamlingTest.java:36)
	at sun.reflect.NativeMethodAccessorImpl.invoke0(Native Method)
	at sun.reflect.NativeMethodAccessorImpl.invoke(NativeMethodAccessorImpl.java:62)
	at sun.reflect.DelegatingMethodAccessorImpl.invoke(DelegatingMethodAccessorImpl.java:43)
	at java.lang.reflect.Method.invoke(Method.java:498)
	at org.junit.runners.model.FrameworkMethod$1.runReflectiveCall(FrameworkMethod.java:50)
	at org.junit.internal.runners.model.ReflectiveCallable.run(ReflectiveCallable.java:12)
	at org.junit.runners.model.FrameworkMethod.invokeExplosively(FrameworkMethod.java:47)
	at org.junit.internal.runners.statements.RunBefores.evaluate(RunBefores.java:24)
	at org.junit.runners.ParentRunner.runLeaf(ParentRunner.java:325)
	at org.junit.runners.BlockJUnit4ClassRunner.runChild(BlockJUnit4ClassRunner.java:78)
	at org.junit.runners.BlockJUnit4ClassRunner.runChild(BlockJUnit4ClassRunner.java:57)
	at org.junit.runners.ParentRunner$3.run(ParentRunner.java:290)
	at org.junit.runners.ParentRunner$1.schedule(ParentRunner.java:71)
	at org.junit.runners.ParentRunner.runChildren(ParentRunner.java:288)
	at org.junit.runners.ParentRunner.access$000(ParentRunner.java:58)
	at org.junit.runners.ParentRunner$2.evaluate(ParentRunner.java:268)
	at org.junit.runners.ParentRunner.run(ParentRunner.java:363)
	at junit.framework.JUnit4TestAdapter.run(JUnit4TestAdapter.java:38)
	at org.apache.tools.ant.taskdefs.optional.junit.JUnitTestRunner.run(JUnitTestRunner.java:535)
	at org.apache.tools.ant.taskdefs.optional.junit.JUnitTestRunner.launch(JUnitTestRunner.java:1182)
	at org.apache.tools.ant.taskdefs.optional.junit.JUnitTestRunner.main(JUnitTestRunner.java:1033)
2020-jul-18 18:20:42,Exception was thrown: personsamling.ser (Filen eller katalogen finns inte)
java.io.FileNotFoundException: personsamling.ser (Filen eller katalogen finns inte)
	at java.io.FileInputStream.open0(Native Method)
	at java.io.FileInputStream.open(FileInputStream.java:195)
	at java.io.FileInputStream.<init>(FileInputStream.java:138)
	at java.io.FileInputStream.<init>(FileInputStream.java:93)
	at se.moma.pryl.integration.PersonSamling.<init>(PersonSamling.java:54)
	at se.moma.pryl.integration.PersonSamlingTest.setUp(PersonSamlingTest.java:36)
	at sun.reflect.NativeMethodAccessorImpl.invoke0(Native Method)
	at sun.reflect.NativeMethodAccessorImpl.invoke(NativeMethodAccessorImpl.java:62)
	at sun.reflect.DelegatingMethodAccessorImpl.invoke(DelegatingMethodAccessorImpl.java:43)
	at java.lang.reflect.Method.invoke(Method.java:498)
	at org.junit.runners.model.FrameworkMethod$1.runReflectiveCall(FrameworkMethod.java:50)
	at org.junit.internal.runners.model.ReflectiveCallable.run(ReflectiveCallable.java:12)
	at org.junit.runners.model.FrameworkMethod.invokeExplosively(FrameworkMethod.java:47)
	at org.junit.internal.runners.statements.RunBefores.evaluate(RunBefores.java:24)
	at org.junit.runners.ParentRunner.runLeaf(ParentRunner.java:325)
	at org.junit.runners.BlockJUnit4ClassRunner.runChild(BlockJUnit4ClassRunner.java:78)
	at org.junit.runners.BlockJUnit4ClassRunner.runChild(BlockJUnit4ClassRunner.java:57)
	at org.junit.runners.ParentRunner$3.run(ParentRunner.java:290)
	at org.junit.runners.ParentRunner$1.schedule(ParentRunner.java:71)
	at org.junit.runners.ParentRunner.runChildren(ParentRunner.java:288)
	at org.junit.runners.ParentRunner.access$000(ParentRunner.java:58)
	at org.junit.runners.ParentRunner$2.evaluate(ParentRunner.java:268)
	at org.junit.runners.ParentRunner.run(ParentRunner.java:363)
	at junit.framework.JUnit4TestAdapter.run(JUnit4TestAdapter.java:38)
	at org.apache.tools.ant.taskdefs.optional.junit.JUnitTestRunner.run(JUnitTestRunner.java:535)
	at org.apache.tools.ant.taskdefs.optional.junit.JUnitTestRunner.launch(JUnitTestRunner.java:1182)
	at org.apache.tools.ant.taskdefs.optional.junit.JUnitTestRunner.main(JUnitTestRunner.java:1033)
2020-jul-18 18:20:42,Exception was thrown: personsamling.ser (Filen eller katalogen finns inte)
java.io.FileNotFoundException: personsamling.ser (Filen eller katalogen finns inte)
	at java.io.FileInputStream.open0(Native Method)
	at java.io.FileInputStream.open(FileInputStream.java:195)
	at java.io.FileInputStream.<init>(FileInputStream.java:138)
	at java.io.FileInputStream.<init>(FileInputStream.java:93)
	at se.moma.pryl.integration.PersonSamling.<init>(PersonSamling.java:54)
	at se.moma.pryl.integration.PersonSamlingTest.setUp(PersonSamlingTest.java:36)
	at sun.reflect.NativeMethodAccessorImpl.invoke0(Native Method)
	at sun.reflect.NativeMethodAccessorImpl.invoke(NativeMethodAccessorImpl.java:62)
	at sun.reflect.DelegatingMethodAccessorImpl.invoke(DelegatingMethodAccessorImpl.java:43)
	at java.lang.reflect.Method.invoke(Method.java:498)
	at org.junit.runners.model.FrameworkMethod$1.runReflectiveCall(FrameworkMethod.java:50)
	at org.junit.internal.runners.model.ReflectiveCallable.run(ReflectiveCallable.java:12)
	at org.junit.runners.model.FrameworkMethod.invokeExplosively(FrameworkMethod.java:47)
	at org.junit.internal.runners.statements.RunBefores.evaluate(RunBefores.java:24)
	at org.junit.runners.ParentRunner.runLeaf(ParentRunner.java:325)
	at org.junit.runners.BlockJUnit4ClassRunner.runChild(BlockJUnit4ClassRunner.java:78)
	at org.junit.runners.BlockJUnit4ClassRunner.runChild(BlockJUnit4ClassRunner.java:57)
	at org.junit.runners.ParentRunner$3.run(ParentRunner.java:290)
	at org.junit.runners.ParentRunner$1.schedule(ParentRunner.java:71)
	at org.junit.runners.ParentRunner.runChildren(ParentRunner.java:288)
	at org.junit.runners.ParentRunner.access$000(ParentRunner.java:58)
	at org.junit.runners.ParentRunner$2.evaluate(ParentRunner.java:268)
	at org.junit.runners.ParentRunner.run(ParentRunner.java:363)
	at junit.framework.JUnit4TestAdapter.run(JUnit4TestAdapter.java:38)
	at org.apache.tools.ant.taskdefs.optional.junit.JUnitTestRunner.run(JUnitTestRunner.java:535)
	at org.apache.tools.ant.taskdefs.optional.junit.JUnitTestRunner.launch(JUnitTestRunner.java:1182)
	at org.apache.tools.ant.taskdefs.optional.junit.JUnitTestRunner.main(JUnitTestRunner.java:1033)
2020-jul-18 18:20:42,Exception was thrown: personsamling.ser (Filen eller katalogen finns inte)
java.io.FileNotFoundException: personsamling.ser (Filen eller katalogen finns inte)
	at java.io.FileInputStream.open0(Native Method)
	at java.io.FileInputStream.open(FileInputStream.java:195)
	at java.io.FileInputStream.<init>(FileInputStream.java:138)
	at java.io.FileInputStream.<init>(FileInputStream.java:93)
	at se.moma.pryl.integration.PersonSamling.<init>(PersonSamling.java:54)
	at se.moma.pryl.integration.PersonSamlingTest.setUp(PersonSamlingTest.java:36)
	at sun.reflect.NativeMethodAccessorImpl.invoke0(Native Method)
	at sun.reflect.NativeMethodAccessorImpl.invoke(NativeMethodAccessorImpl.java:62)
	at sun.reflect.DelegatingMethodAccessorImpl.invoke(DelegatingMethodAccessorImpl.java:43)
	at java.lang.reflect.Method.invoke(Method.java:498)
	at org.junit.runners.model.FrameworkMethod$1.runReflectiveCall(FrameworkMethod.java:50)
	at org.junit.internal.runners.model.ReflectiveCallable.run(ReflectiveCallable.java:12)
	at org.junit.runners.model.FrameworkMethod.invokeExplosively(FrameworkMethod.java:47)
	at org.junit.internal.runners.statements.RunBefores.evaluate(RunBefores.java:24)
	at org.junit.runners.ParentRunner.runLeaf(ParentRunner.java:325)
	at org.junit.runners.BlockJUnit4ClassRunner.runChild(BlockJUnit4ClassRunner.java:78)
	at org.junit.runners.BlockJUnit4ClassRunner.runChild(BlockJUnit4ClassRunner.java:57)
	at org.junit.runners.ParentRunner$3.run(ParentRunner.java:290)
	at org.junit.runners.ParentRunner$1.schedule(ParentRunner.java:71)
	at org.junit.runners.ParentRunner.runChildren(ParentRunner.java:288)
	at org.junit.runners.ParentRunner.access$000(ParentRunner.java:58)
	at org.junit.runners.ParentRunner$2.evaluate(ParentRunner.java:268)
	at org.junit.runners.ParentRunner.run(ParentRunner.java:363)
	at junit.framework.JUnit4TestAdapter.run(JUnit4TestAdapter.java:38)
	at org.apache.tools.ant.taskdefs.optional.junit.JUnitTestRunner.run(JUnitTestRunner.java:535)
	at org.apache.tools.ant.taskdefs.optional.junit.JUnitTestRunner.launch(JUnitTestRunner.java:1182)
	at org.apache.tools.ant.taskdefs.optional.junit.JUnitTestRunner.main(JUnitTestRunner.java:1033)
2020-jul-18 18:20:42,Exception was thrown: personsamling.ser (Filen eller katalogen finns inte)
java.io.FileNotFoundException: personsamling.ser (Filen eller katalogen finns inte)
	at java.io.FileInputStream.open0(Native Method)
	at java.io.FileInputStream.open(FileInputStream.java:195)
	at java.io.FileInputStream.<init>(FileInputStream.java:138)
	at java.io.FileInputStream.<init>(FileInputStream.java:93)
	at se.moma.pryl.integration.PersonSamling.<init>(PersonSamling.java:54)
	at se.moma.pryl.integration.PersonSamlingTest.testHämtaPersonShouldThrowNPEForNonValidPerson(PersonSamlingTest.java:72)
	at sun.reflect.NativeMethodAccessorImpl.invoke0(Native Method)
	at sun.reflect.NativeMethodAccessorImpl.invoke(NativeMethodAccessorImpl.java:62)
	at sun.reflect.DelegatingMethodAccessorImpl.invoke(DelegatingMethodAccessorImpl.java:43)
	at java.lang.reflect.Method.invoke(Method.java:498)
	at org.junit.runners.model.FrameworkMethod$1.runReflectiveCall(FrameworkMethod.java:50)
	at org.junit.internal.runners.model.ReflectiveCallable.run(ReflectiveCallable.java:12)
	at org.junit.runners.model.FrameworkMethod.invokeExplosively(FrameworkMethod.java:47)
	at org.junit.internal.runners.statements.InvokeMethod.evaluate(InvokeMethod.java:17)
	at org.junit.internal.runners.statements.ExpectException.evaluate(ExpectException.java:19)
	at org.junit.internal.runners.statements.RunBefores.evaluate(RunBefores.java:26)
	at org.junit.runners.ParentRunner.runLeaf(ParentRunner.java:325)
	at org.junit.runners.BlockJUnit4ClassRunner.runChild(BlockJUnit4ClassRunner.java:78)
	at org.junit.runners.BlockJUnit4ClassRunner.runChild(BlockJUnit4ClassRunner.java:57)
	at org.junit.runners.ParentRunner$3.run(ParentRunner.java:290)
	at org.junit.runners.ParentRunner$1.schedule(ParentRunner.java:71)
	at org.junit.runners.ParentRunner.runChildren(ParentRunner.java:288)
	at org.junit.runners.ParentRunner.access$000(ParentRunner.java:58)
	at org.junit.runners.ParentRunner$2.evaluate(ParentRunner.java:268)
	at org.junit.runners.ParentRunner.run(ParentRunner.java:363)
	at junit.framework.JUnit4TestAdapter.run(JUnit4TestAdapter.java:38)
	at org.apache.tools.ant.taskdefs.optional.junit.JUnitTestRunner.run(JUnitTestRunner.java:535)
	at org.apache.tools.ant.taskdefs.optional.junit.JUnitTestRunner.launch(JUnitTestRunner.java:1182)
	at org.apache.tools.ant.taskdefs.optional.junit.JUnitTestRunner.main(JUnitTestRunner.java:1033)
2020-jul-18 18:20:42,Exception was thrown: personsamling.ser (Filen eller katalogen finns inte)
java.io.FileNotFoundException: personsamling.ser (Filen eller katalogen finns inte)
	at java.io.FileInputStream.open0(Native Method)
	at java.io.FileInputStream.open(FileInputStream.java:195)
	at java.io.FileInputStream.<init>(FileInputStream.java:138)
	at java.io.FileInputStream.<init>(FileInputStream.java:93)
	at se.moma.pryl.integration.PersonSamling.<init>(PersonSamling.java:54)
	at se.moma.pryl.integration.PersonSamlingTest.setUp(PersonSamlingTest.java:36)
	at sun.reflect.NativeMethodAccessorImpl.invoke0(Native Method)
	at sun.reflect.NativeMethodAccessorImpl.invoke(NativeMethodAccessorImpl.java:62)
	at sun.reflect.DelegatingMethodAccessorImpl.invoke(DelegatingMethodAccessorImpl.java:43)
	at java.lang.reflect.Method.invoke(Method.java:498)
	at org.junit.runners.model.FrameworkMethod$1.runReflectiveCall(FrameworkMethod.java:50)
	at org.junit.internal.runners.model.ReflectiveCallable.run(ReflectiveCallable.java:12)
	at org.junit.runners.model.FrameworkMethod.invokeExplosively(FrameworkMethod.java:47)
	at org.junit.internal.runners.statements.RunBefores.evaluate(RunBefores.java:24)
	at org.junit.runners.ParentRunner.runLeaf(ParentRunner.java:325)
	at org.junit.runners.BlockJUnit4ClassRunner.runChild(BlockJUnit4ClassRunner.java:78)
	at org.junit.runners.BlockJUnit4ClassRunner.runChild(BlockJUnit4ClassRunner.java:57)
	at org.junit.runners.ParentRunner$3.run(ParentRunner.java:290)
	at org.junit.runners.ParentRunner$1.schedule(ParentRunner.java:71)
	at org.junit.runners.ParentRunner.runChildren(ParentRunner.java:288)
	at org.junit.runners.ParentRunner.access$000(ParentRunner.java:58)
	at org.junit.runners.ParentRunner$2.evaluate(ParentRunner.java:268)
	at org.junit.runners.ParentRunner.run(ParentRunner.java:363)
	at junit.framework.JUnit4TestAdapter.run(JUnit4TestAdapter.java:38)
	at org.apache.tools.ant.taskdefs.optional.junit.JUnitTestRunner.run(JUnitTestRunner.java:535)
	at org.apache.tools.ant.taskdefs.optional.junit.JUnitTestRunner.launch(JUnitTestRunner.java:1182)
	at org.apache.tools.ant.taskdefs.optional.junit.JUnitTestRunner.main(JUnitTestRunner.java:1033)
